#
# There is insufficient memory for the Java Runtime Environment to continue.
# Native memory allocation (malloc) failed to allocate 32744 bytes for ChunkPool::allocate
# Possible reasons:
#   The system is out of physical RAM or swap space
#   In 32 bit mode, the process size limit was hit
# Possible solutions:
#   Reduce memory load on the system
#   Increase physical memory or swap space
#   Check if swap backing store is full
#   Use 64 bit Java on a 64 bit OS
#   Decrease Java heap size (-Xmx/-Xms)
#   Decrease number of Java threads
#   Decrease Java thread stack sizes (-Xss)
#   Set larger code cache with -XX:ReservedCodeCacheSize=
# This output file may be truncated or incomplete.
#
#  Out of Memory Error (allocation.cpp:273), pid=32440, tid=0x000000000000511c
#
# JRE version: Java(TM) SE Runtime Environment (8.0_181-b13) (build 1.8.0_181-b13)
# Java VM: Java HotSpot(TM) 64-Bit Server VM (25.181-b13 mixed mode windows-amd64 compressed oops)
# Failed to write core dump. Minidumps are not enabled by default on client versions of Windows
#

---------------  T H R E A D  ---------------

Current thread (0x00000000208d5000):  JavaThread "C1 CompilerThread11" daemon [_thread_in_native, id=20764, stack(0x0000000021910000,0x0000000021a10000)]

Stack: [0x0000000021910000,0x0000000021a10000]
[error occurred during error reporting (printing stack bounds), id 0xc0000005]

Native frames: (J=compiled Java code, j=interpreted, Vv=VM code, C=native code)


Current CompileTask:
C1:  58532 7517   !   1       com.alibaba.fastjson.parser.deserializer.JavaBeanDeserializer::deserialze (3409 bytes)


---------------  P R O C E S S  ---------------

Java Threads: ( => current thread )
  0x0000000022896800 JavaThread "Keep-Alive-Timer" daemon [_thread_blocked, id=28424, stack(0x0000000024690000,0x0000000024790000)]
  0x000000002289d800 JavaThread "DubboServerHandler-192.168.100.1:20890-thread-25" daemon [_thread_blocked, id=25960, stack(0x0000000031290000,0x0000000031390000)]
  0x000000002289c800 JavaThread "DubboServerHandler-192.168.100.1:20890-thread-24" daemon [_thread_blocked, id=13648, stack(0x0000000031190000,0x0000000031290000)]
  0x000000002289c000 JavaThread "DubboServerHandler-192.168.100.1:20890-thread-23" daemon [_thread_blocked, id=19516, stack(0x0000000031090000,0x0000000031190000)]
  0x000000002289b000 JavaThread "DubboServerHandler-192.168.100.1:20890-thread-22" daemon [_thread_blocked, id=20904, stack(0x0000000030f90000,0x0000000031090000)]
  0x0000000022898000 JavaThread "DubboServerHandler-192.168.100.1:20890-thread-21" daemon [_thread_blocked, id=28388, stack(0x0000000030e90000,0x0000000030f90000)]
  0x000000002288f000 JavaThread "DubboServerHandler-192.168.100.1:20890-thread-20" daemon [_thread_blocked, id=29000, stack(0x0000000030d90000,0x0000000030e90000)]
  0x0000000022893000 JavaThread "DubboServerHandler-192.168.100.1:20890-thread-19" daemon [_thread_blocked, id=24096, stack(0x0000000030c90000,0x0000000030d90000)]
  0x0000000022892000 JavaThread "DubboServerHandler-192.168.100.1:20890-thread-18" daemon [_thread_blocked, id=21400, stack(0x0000000030b90000,0x0000000030c90000)]
  0x0000000022896000 JavaThread "NettyServerWorker-3-5" daemon [_thread_in_native, id=6956, stack(0x0000000030a90000,0x0000000030b90000)]
  0x0000000022894800 JavaThread "DubboServerHandler-192.168.100.1:20890-thread-17" daemon [_thread_blocked, id=27380, stack(0x0000000030990000,0x0000000030a90000)]
  0x0000000022890000 JavaThread "DubboServerHandler-192.168.100.1:20890-thread-16" daemon [_thread_blocked, id=32980, stack(0x0000000030890000,0x0000000030990000)]
  0x0000000022895000 JavaThread "DubboServerHandler-192.168.100.1:20890-thread-15" daemon [_thread_blocked, id=34132, stack(0x000000002f780000,0x000000002f880000)]
  0x0000000022891800 JavaThread "NettyServerWorker-3-4" daemon [_thread_in_native, id=25376, stack(0x000000002f680000,0x000000002f780000)]
  0x0000000022893800 JavaThread "com.alibaba.nacos.naming.beat.sender" daemon [_thread_blocked, id=16720, stack(0x000000002f580000,0x000000002f680000)]
  0x00000000255f9800 JavaThread "com.alibaba.nacos.client.Worker.longPolling.fixed-127.0.0.1_8848-fc2d41a7-328a-4c80-9e66-e9b3a3e1d418" daemon [_thread_blocked, id=30608, stack(0x000000002f480000,0x000000002f580000)]
  0x00000000208d5800 JavaThread "DubboServerHandler-192.168.100.1:20890-thread-14" daemon [_thread_blocked, id=28768, stack(0x000000002f380000,0x000000002f480000)]
  0x0000000022860000 JavaThread "DubboServerHandler-192.168.100.1:20890-thread-13" daemon [_thread_blocked, id=1208, stack(0x000000002f280000,0x000000002f380000)]
  0x000000002285e800 JavaThread "DubboServerHandler-192.168.100.1:20890-thread-12" daemon [_thread_blocked, id=34776, stack(0x000000002f180000,0x000000002f280000)]
  0x0000000025606000 JavaThread "DubboServerHandler-192.168.100.1:20890-thread-11" daemon [_thread_blocked, id=32284, stack(0x000000002f080000,0x000000002f180000)]
  0x0000000025604800 JavaThread "DubboServerHandler-192.168.100.1:20890-thread-10" daemon [_thread_blocked, id=31776, stack(0x000000002ef80000,0x000000002f080000)]
  0x0000000025604000 JavaThread "DubboServerHandler-192.168.100.1:20890-thread-9" daemon [_thread_blocked, id=32160, stack(0x000000002ee80000,0x000000002ef80000)]
  0x0000000025607000 JavaThread "DubboServerHandler-192.168.100.1:20890-thread-8" daemon [_thread_blocked, id=6264, stack(0x0000000027860000,0x0000000027960000)]
  0x0000000025603000 JavaThread "DubboServerHandler-192.168.100.1:20890-thread-7" daemon [_thread_blocked, id=14952, stack(0x000000002ed80000,0x000000002ee80000)]
  0x0000000025602800 JavaThread "NettyServerWorker-3-3" daemon [_thread_in_native, id=9956, stack(0x000000002ec80000,0x000000002ed80000)]
  0x0000000025605800 JavaThread "DubboServerHandler-192.168.100.1:20890-thread-6" daemon [_thread_blocked, id=31528, stack(0x000000002eb80000,0x000000002ec80000)]
  0x0000000025601800 JavaThread "DubboServerHandler-192.168.100.1:20890-thread-5" daemon [_thread_blocked, id=32532, stack(0x000000002ea80000,0x000000002eb80000)]
  0x00000000255fb000 JavaThread "DubboServerHandler-192.168.100.1:20890-thread-4" daemon [_thread_blocked, id=30532, stack(0x000000002d970000,0x000000002da70000)]
  0x00000000255fa000 JavaThread "NettyServerWorker-3-2" daemon [_thread_in_native, id=33428, stack(0x000000002d870000,0x000000002d970000)]
  0x0000000025601000 JavaThread "com.alibaba.nacos.naming.beat.sender" daemon [_thread_blocked, id=30584, stack(0x000000002d770000,0x000000002d870000)]
  0x0000000025600000 JavaThread "com.alibaba.nacos.naming.beat.sender" daemon [_thread_blocked, id=15684, stack(0x000000002d470000,0x000000002d570000)]
  0x00000000255ff800 JavaThread "com.alibaba.nacos.naming.beat.sender" daemon [_thread_blocked, id=29768, stack(0x0000000027d60000,0x0000000027e60000)]
  0x00000000255f8000 JavaThread "com.alibaba.nacos.naming.beat.sender" daemon [_thread_blocked, id=30112, stack(0x000000002d370000,0x000000002d470000)]
  0x00000000255f8800 JavaThread "DubboServerHandler-192.168.100.1:20890-thread-3" daemon [_thread_blocked, id=30980, stack(0x000000002d270000,0x000000002d370000)]
  0x00000000255fd000 JavaThread "com.alibaba.nacos.naming.beat.sender" daemon [_thread_blocked, id=6564, stack(0x000000002d170000,0x000000002d270000)]
  0x00000000255fe800 JavaThread "DubboServerHandler-192.168.100.1:20890-thread-2" daemon [_thread_blocked, id=28792, stack(0x000000002d070000,0x000000002d170000)]
  0x00000000255fc800 JavaThread "DubboServerHandler-192.168.100.1:20890-thread-1" daemon [_thread_blocked, id=23896, stack(0x000000002bf60000,0x000000002c060000)]
  0x00000000255fb800 JavaThread "NettyServerWorker-3-1" daemon [_thread_in_native, id=28356, stack(0x000000002ba60000,0x000000002bb60000)]
  0x00000000255fe000 JavaThread "com.alibaba.nacos.client.naming.updater" daemon [_thread_blocked, id=33636, stack(0x000000002be60000,0x000000002bf60000)]
  0x00000000254cd800 JavaThread "com.alibaba.nacos.client.naming.updater" daemon [_thread_blocked, id=32304, stack(0x000000002bb60000,0x000000002bc60000)]
  0x00000000254cb800 JavaThread "RMI TCP Connection(idle)" daemon [_thread_blocked, id=28772, stack(0x000000002b960000,0x000000002ba60000)]
  0x00000000254cc000 JavaThread "RMI TCP Connection(idle)" daemon [_thread_blocked, id=34020, stack(0x000000002b860000,0x000000002b960000)]
  0x00000000254ca800 JavaThread "com.alibaba.nacos.client.naming.updater" daemon [_thread_blocked, id=34196, stack(0x000000002b560000,0x000000002b660000)]
  0x00000000254ce800 JavaThread "com.alibaba.nacos.client.Worker.longPolling.fixed-127.0.0.1_8848-fc2d41a7-328a-4c80-9e66-e9b3a3e1d418" daemon [_thread_in_native, id=1052, stack(0x000000002b460000,0x000000002b560000)]
  0x00000000254cf000 JavaThread "com.alibaba.nacos.client.Worker.longPolling.fixed-127.0.0.1_8848-fc2d41a7-328a-4c80-9e66-e9b3a3e1d418" daemon [_thread_blocked, id=34304, stack(0x000000002b360000,0x000000002b460000)]
  0x00000000254c3000 JavaThread "DestroyJavaVM" [_thread_blocked, id=30876, stack(0x0000000002b10000,0x0000000002c10000)]
  0x00000000254c9000 JavaThread "com.alibaba.nacos.naming.beat.sender" daemon [_thread_blocked, id=17784, stack(0x000000002b260000,0x000000002b360000)]
  0x00000000254c8800 JavaThread "com.alibaba.nacos.naming.beat.sender" daemon [_thread_blocked, id=29912, stack(0x000000002b160000,0x000000002b260000)]
  0x00000000254ca000 JavaThread "com.alibaba.nacos.client.naming.updater" daemon [_thread_blocked, id=30576, stack(0x000000002b060000,0x000000002b160000)]
  0x00000000254c5800 JavaThread "com.alibaba.nacos.naming.beat.sender" daemon [_thread_blocked, id=23044, stack(0x000000002af60000,0x000000002b060000)]
  0x00000000254c4000 JavaThread "com.alibaba.nacos.naming.beat.sender" daemon [_thread_blocked, id=9960, stack(0x000000002ae60000,0x000000002af60000)]
  0x00000000254c4800 JavaThread "http-nio-56040-Acceptor-0" daemon [_thread_in_native, id=30212, stack(0x000000002ad60000,0x000000002ae60000)]
  0x00000000254c1000 JavaThread "http-nio-56040-ClientPoller-1" daemon [_thread_in_native, id=22876, stack(0x000000002ac60000,0x000000002ad60000)]
  0x00000000254c7000 JavaThread "http-nio-56040-ClientPoller-0" daemon [_thread_in_native, id=22048, stack(0x000000002ab60000,0x000000002ac60000)]
  0x00000000254c1800 JavaThread "http-nio-56040-exec-10" daemon [_thread_blocked, id=27520, stack(0x000000002aa60000,0x000000002ab60000)]
  0x00000000254c7800 JavaThread "http-nio-56040-exec-9" daemon [_thread_blocked, id=23476, stack(0x000000002a960000,0x000000002aa60000)]
  0x00000000254c0000 JavaThread "http-nio-56040-exec-8" daemon [_thread_blocked, id=30252, stack(0x000000002a860000,0x000000002a960000)]
  0x00000000254c2800 JavaThread "http-nio-56040-exec-7" daemon [_thread_blocked, id=20628, stack(0x000000002a760000,0x000000002a860000)]
  0x00000000254c6000 JavaThread "http-nio-56040-exec-6" daemon [_thread_blocked, id=34592, stack(0x000000002a660000,0x000000002a760000)]
  0x0000000025398800 JavaThread "http-nio-56040-exec-5" daemon [_thread_blocked, id=20224, stack(0x000000002a560000,0x000000002a660000)]
  0x0000000025397800 JavaThread "http-nio-56040-exec-4" daemon [_thread_blocked, id=13168, stack(0x000000002a460000,0x000000002a560000)]
  0x0000000025397000 JavaThread "http-nio-56040-exec-3" daemon [_thread_blocked, id=14388, stack(0x000000002a360000,0x000000002a460000)]
  0x0000000025396000 JavaThread "http-nio-56040-exec-2" daemon [_thread_blocked, id=32264, stack(0x000000002a260000,0x000000002a360000)]
  0x0000000025395000 JavaThread "http-nio-56040-exec-1" daemon [_thread_blocked, id=22828, stack(0x000000002a160000,0x000000002a260000)]
  0x0000000025394800 JavaThread "NioBlockingSelector.BlockPoller-1" daemon [_thread_in_native, id=31140, stack(0x000000002a060000,0x000000002a160000)]
  0x000000002538d000 JavaThread "com.alibaba.nacos.client.naming.updater" daemon [_thread_blocked, id=24436, stack(0x0000000029f60000,0x000000002a060000)]
  0x0000000025393800 JavaThread "com.alibaba.nacos.naming.beat.sender" daemon [_thread_blocked, id=19252, stack(0x0000000029e60000,0x0000000029f60000)]
  0x0000000025392000 JavaThread "com.alibaba.nacos.naming.beat.sender" daemon [_thread_blocked, id=31904, stack(0x0000000029d60000,0x0000000029e60000)]
  0x0000000025393000 JavaThread "com.alibaba.nacos.client.naming.updater" daemon [_thread_blocked, id=30276, stack(0x0000000029c60000,0x0000000029d60000)]
  0x000000002538a800 JavaThread "com.alibaba.nacos.naming.beat.sender" daemon [_thread_blocked, id=33532, stack(0x0000000029b60000,0x0000000029c60000)]
  0x000000002538c000 JavaThread "com.alibaba.nacos.naming.beat.sender" daemon [_thread_blocked, id=26504, stack(0x0000000029a60000,0x0000000029b60000)]
  0x000000002538b800 JavaThread "com.alibaba.nacos.client.naming.updater" daemon [_thread_blocked, id=25300, stack(0x0000000029960000,0x0000000029a60000)]
  0x0000000025391800 JavaThread "com.alibaba.nacos.client.naming.updater" daemon [_thread_blocked, id=30928, stack(0x0000000029860000,0x0000000029960000)]
  0x000000002538a000 JavaThread "com.alibaba.nacos.client.naming.updater" daemon [_thread_blocked, id=10588, stack(0x0000000029760000,0x0000000029860000)]
  0x0000000025390800 JavaThread "NettyServerBoss-1-1" daemon [_thread_in_native, id=30024, stack(0x0000000029660000,0x0000000029760000)]
  0x000000002538f000 JavaThread "Dubbo-Access-Log-thread-1" daemon [_thread_blocked, id=872, stack(0x0000000029360000,0x0000000029460000)]
  0x0000000025390000 JavaThread "ThreadPoolTaskScheduler-1" [_thread_blocked, id=32548, stack(0x0000000029260000,0x0000000029360000)]
  0x0000000025389000 JavaThread "com.alibaba.nacos.client.naming.updater" daemon [_thread_blocked, id=2112, stack(0x0000000029160000,0x0000000029260000)]
  0x000000002538d800 JavaThread "com.alibaba.nacos.naming.beat.sender" daemon [_thread_blocked, id=11660, stack(0x0000000029060000,0x0000000029160000)]
  0x0000000025308800 JavaThread "com.alibaba.nacos.naming.beat.sender" daemon [_thread_blocked, id=29840, stack(0x0000000028f60000,0x0000000029060000)]
  0x0000000025308000 JavaThread "com.alibaba.nacos.naming.push.receiver" daemon [_thread_in_native, id=34404, stack(0x0000000028e60000,0x0000000028f60000)]
  0x000000002530d800 JavaThread "com.alibaba.nacos.naming.failover" daemon [_thread_blocked, id=13024, stack(0x0000000028d60000,0x0000000028e60000)]
  0x000000002530c800 JavaThread "com.alibaba.nacos.naming.client.listener" daemon [_thread_blocked, id=19432, stack(0x0000000028c60000,0x0000000028d60000)]
  0x000000002530c000 JavaThread "com.alibaba.nacos.client.naming.updater" daemon [_thread_blocked, id=25664, stack(0x0000000028b60000,0x0000000028c60000)]
  0x000000002530b000 JavaThread "com.alibaba.nacos.client.naming.updater" daemon [_thread_blocked, id=22556, stack(0x0000000028a60000,0x0000000028b60000)]
  0x0000000025309800 JavaThread "com.alibaba.nacos.client.naming.updater" daemon [_thread_blocked, id=30768, stack(0x0000000028960000,0x0000000028a60000)]
  0x0000000025307000 JavaThread "com.alibaba.nacos.client.naming.updater" daemon [_thread_blocked, id=16968, stack(0x0000000028660000,0x0000000028760000)]
  0x000000002530e000 JavaThread "com.alibaba.nacos.client.naming.updater" daemon [_thread_blocked, id=21184, stack(0x0000000028560000,0x0000000028660000)]
  0x000000002530a800 JavaThread "com.alibaba.nacos.client.naming.updater" daemon [_thread_blocked, id=28724, stack(0x0000000028460000,0x0000000028560000)]
  0x00000000208d9800 JavaThread "ForkJoinPool.commonPool-worker-1" daemon [_thread_blocked, id=7908, stack(0x0000000027f60000,0x0000000028060000)]
  0x0000000022863000 JavaThread "ForkJoinPool.commonPool-worker-15" daemon [_thread_blocked, id=18264, stack(0x0000000027c60000,0x0000000027d60000)]
  0x0000000022862800 JavaThread "ForkJoinPool.commonPool-worker-13" daemon [_thread_blocked, id=28576, stack(0x0000000027960000,0x0000000027a60000)]
  0x000000002285f000 JavaThread "ForkJoinPool.commonPool-worker-11" daemon [_thread_blocked, id=28172, stack(0x0000000027760000,0x0000000027860000)]
  0x0000000022861000 JavaThread "ForkJoinPool.commonPool-worker-2" daemon [_thread_blocked, id=33292, stack(0x0000000027660000,0x0000000027760000)]
  0x000000002285d800 JavaThread "ForkJoinPool.commonPool-worker-9" daemon [_thread_blocked, id=27612, stack(0x0000000027560000,0x0000000027660000)]
  0x0000000022864800 JavaThread "container-0" [_thread_blocked, id=26316, stack(0x0000000027460000,0x0000000027560000)]
  0x000000002285d000 JavaThread "Catalina-utility-2" [_thread_blocked, id=28708, stack(0x0000000027360000,0x0000000027460000)]
  0x0000000022861800 JavaThread "Catalina-utility-1" [_thread_blocked, id=13800, stack(0x0000000027260000,0x0000000027360000)]
  0x0000000022864000 JavaThread "SimplePauseDetectorThread_0" daemon [_thread_blocked, id=14280, stack(0x0000000026f60000,0x0000000027060000)]
  0x0000000022855800 JavaThread "Thread-18" daemon [_thread_blocked, id=13588, stack(0x0000000026e60000,0x0000000026f60000)]
  0x0000000022859000 JavaThread "Druid-ConnectionPool-Destroy-739812330" daemon [_thread_blocked, id=14624, stack(0x0000000026d60000,0x0000000026e60000)]
  0x0000000022857800 JavaThread "Druid-ConnectionPool-Create-739812330" daemon [_thread_blocked, id=34428, stack(0x0000000026c60000,0x0000000026d60000)]
  0x000000002285b800 JavaThread "Abandoned connection cleanup thread" daemon [_thread_blocked, id=2896, stack(0x0000000026960000,0x0000000026a60000)]
  0x0000000022856000 JavaThread "com.alibaba.nacos.naming.push.receiver" daemon [_thread_in_native, id=24768, stack(0x0000000026260000,0x0000000026360000)]
  0x000000002285a000 JavaThread "com.alibaba.nacos.naming.failover" daemon [_thread_blocked, id=32828, stack(0x0000000026160000,0x0000000026260000)]
  0x0000000022858800 JavaThread "com.alibaba.nacos.naming.client.listener" daemon [_thread_blocked, id=29400, stack(0x0000000026060000,0x0000000026160000)]
  0x000000002285c000 JavaThread "spring.cloud.inetutils" daemon [_thread_blocked, id=25352, stack(0x0000000025f60000,0x0000000026060000)]
  0x000000002285a800 JavaThread "AsyncAppender-AsyncAppender" daemon [_thread_blocked, id=33828, stack(0x0000000024890000,0x0000000024990000)]
  0x0000000022857000 JavaThread "Log4j2-TF-12-Scheduled-4" daemon [_thread_blocked, id=27200, stack(0x0000000024790000,0x0000000024890000)]
  0x00000000208da000 JavaThread "com.alibaba.nacos.client.Worker.fixed-127.0.0.1_8848-fc2d41a7-328a-4c80-9e66-e9b3a3e1d418" daemon [_thread_blocked, id=20740, stack(0x0000000023f90000,0x0000000024090000)]
  0x00000000208d3800 JavaThread "Timer-0" daemon [_thread_blocked, id=26952, stack(0x00000000234e0000,0x00000000235e0000)]
  0x00000000208d8000 JavaThread "pool-3-thread-1" [_thread_blocked, id=27708, stack(0x0000000024290000,0x0000000024390000)]
  0x0000000022263000 JavaThread "RMI Scheduler(0)" daemon [_thread_blocked, id=19104, stack(0x0000000023c90000,0x0000000023d90000)]
  0x0000000022235800 JavaThread "RMI TCP Connection(idle)" daemon [_thread_blocked, id=34032, stack(0x0000000023b90000,0x0000000023c90000)]
  0x0000000020bf5000 JavaThread "RMI TCP Accept-0" daemon [_thread_in_native, id=21848, stack(0x0000000021b10000,0x0000000021c10000)]
  0x00000000209a6000 JavaThread "Service Thread" daemon [_thread_blocked, id=25912, stack(0x0000000021a10000,0x0000000021b10000)]
=>0x00000000208d5000 JavaThread "C1 CompilerThread11" daemon [_thread_in_native, id=20764, stack(0x0000000021910000,0x0000000021a10000)]
  0x00000000208d8800 JavaThread "C1 CompilerThread10" daemon [_thread_blocked, id=30068, stack(0x0000000021810000,0x0000000021910000)]
  0x00000000208d6800 JavaThread "C1 CompilerThread9" daemon [_thread_blocked, id=23836, stack(0x0000000021710000,0x0000000021810000)]
  0x00000000208d7000 JavaThread "C1 CompilerThread8" daemon [_thread_blocked, id=25576, stack(0x0000000021510000,0x0000000021610000)]
  0x00000000208ca800 JavaThread "C2 CompilerThread7" daemon [_thread_blocked, id=33036, stack(0x0000000021410000,0x0000000021510000)]
  0x0000000020897800 JavaThread "C2 CompilerThread6" daemon [_thread_blocked, id=27760, stack(0x0000000021310000,0x0000000021410000)]
  0x0000000020897000 JavaThread "C2 CompilerThread5" daemon [_thread_blocked, id=12904, stack(0x0000000021210000,0x0000000021310000)]
  0x00000000208af000 JavaThread "C2 CompilerThread4" daemon [_thread_blocked, id=30824, stack(0x0000000021110000,0x0000000021210000)]
  0x00000000208aa000 JavaThread "C2 CompilerThread3" daemon [_thread_blocked, id=29600, stack(0x0000000021010000,0x0000000021110000)]
  0x0000000020894000 JavaThread "C2 CompilerThread2" daemon [_thread_blocked, id=22412, stack(0x0000000020f10000,0x0000000021010000)]
  0x0000000020893800 JavaThread "C2 CompilerThread1" daemon [_thread_blocked, id=24992, stack(0x0000000020e10000,0x0000000020f10000)]
  0x0000000020818000 JavaThread "C2 CompilerThread0" daemon [_thread_blocked, id=10932, stack(0x0000000020d10000,0x0000000020e10000)]
  0x0000000020816800 JavaThread "Monitor Ctrl-Break" daemon [_thread_in_native, id=33344, stack(0x0000000020c10000,0x0000000020d10000)]
  0x000000001e936800 JavaThread "Attach Listener" daemon [_thread_blocked, id=27864, stack(0x0000000020310000,0x0000000020410000)]
  0x000000001e8e1800 JavaThread "Signal Dispatcher" daemon [_thread_blocked, id=29884, stack(0x0000000020210000,0x0000000020310000)]
  0x000000001e8b6000 JavaThread "Finalizer" daemon [_thread_blocked, id=29756, stack(0x0000000020110000,0x0000000020210000)]
  0x000000001ce44000 JavaThread "Reference Handler" daemon [_thread_blocked, id=20772, stack(0x0000000020010000,0x0000000020110000)]

Other Threads:
  0x000000001e894800 VMThread [stack: 0x000000001ff10000,0x0000000020010000] [id=33752]
  0x0000000020bf6000 WatcherThread [stack: 0x0000000021c10000,0x0000000021d10000] [id=23508]

VM state:not at safepoint (normal execution)

VM Mutex/Monitor currently owned by a thread: None

Heap:
 PSYoungGen      total 436224K, used 163433K [0x000000076b580000, 0x000000078ab00000, 0x00000007c0000000)
  eden space 406016K, 40% used [0x000000076b580000,0x000000077551a6e8,0x0000000784200000)
  from space 30208K, 0% used [0x0000000785e80000,0x0000000785e80000,0x0000000787c00000)
  to   space 29184K, 0% used [0x0000000784200000,0x0000000784200000,0x0000000785e80000)
 ParOldGen       total 230400K, used 45444K [0x00000006c2000000, 0x00000006d0100000, 0x000000076b580000)
  object space 230400K, 19% used [0x00000006c2000000,0x00000006c4c61208,0x00000006d0100000)
 Metaspace       used 62093K, capacity 65514K, committed 65880K, reserved 1105920K
  class space    used 8142K, capacity 8719K, committed 8832K, reserved 1048576K

Card table byte_map: [0x0000000012310000,0x0000000012b10000] byte_map_base: 0x000000000ed00000

Marking Bits: (ParMarkBitMap*) 0x0000000062722d00
 Begin Bits: [0x0000000013d60000, 0x0000000017ce0000)
 End Bits:   [0x0000000017ce0000, 0x000000001bc60000)

Polling page: 0x00000000005f0000

CodeCache: size=245760Kb used=16096Kb max_used=16096Kb free=229663Kb
 bounds [0x0000000002f50000, 0x0000000003f10000, 0x0000000011f50000]
 total_blobs=7976 nmethods=7370 adapters=514
 compilation: enabled

Compilation events (10 events):
Event: 58.521 Thread 0x00000000208d7000 7515       1       com.alibaba.nacos.client.identify.Credentials::valid (40 bytes)
Event: 58.522 Thread 0x00000000208d6800 nmethod 7512 0x0000000003f0a0d0 code [0x0000000003f0a220, 0x0000000003f0a328]
Event: 58.522 Thread 0x00000000208d8800 nmethod 7514 0x0000000003f0a390 code [0x0000000003f0a500, 0x0000000003f0a668]
Event: 58.522 Thread 0x00000000208d8800 7511       1       com.alibaba.nacos.client.identify.Credentials::getAccessKey (5 bytes)
Event: 58.522 Thread 0x00000000208d8800 nmethod 7511 0x0000000003f0a710 code [0x0000000003f0a860, 0x0000000003f0a970]
Event: 58.522 Thread 0x00000000208d8800 7516       1       com.alibaba.nacos.client.identify.Credentials::getSecretKey (5 bytes)
Event: 58.522 Thread 0x00000000208d7000 nmethod 7515 0x0000000003f0a9d0 code [0x0000000003f0ab20, 0x0000000003f0acd0]
Event: 58.522 Thread 0x00000000208d5000 nmethod 7513 0x0000000003f0add0 code [0x0000000003f0af60, 0x0000000003f0b1e8]
Event: 58.522 Thread 0x00000000208d8800 nmethod 7516 0x0000000003f0b390 code [0x0000000003f0b4e0, 0x0000000003f0b5f0]
Event: 58.523 Thread 0x00000000208d5000 7517   !   1       com.alibaba.fastjson.parser.deserializer.JavaBeanDeserializer::deserialze (3409 bytes)

GC Heap History (10 events):
Event: 5.665 GC heap before
{Heap before GC invocations=11 (full 2):
 PSYoungGen      total 294400K, used 294186K [0x000000076b580000, 0x0000000780c80000, 0x00000007c0000000)
  eden space 281088K, 100% used [0x000000076b580000,0x000000077c800000,0x000000077c800000)
  from space 13312K, 98% used [0x000000077ff80000,0x0000000780c4a8b0,0x0000000780c80000)
  to   space 16384K, 0% used [0x000000077ec80000,0x000000077ec80000,0x000000077fc80000)
 ParOldGen       total 163840K, used 21121K [0x00000006c2000000, 0x00000006cc000000, 0x000000076b580000)
  object space 163840K, 12% used [0x00000006c2000000,0x00000006c34a06b8,0x00000006cc000000)
 Metaspace       used 45126K, capacity 46870K, committed 47104K, reserved 1089536K
  class space    used 5929K, capacity 6279K, committed 6400K, reserved 1048576K
Event: 5.674 GC heap after
Heap after GC invocations=11 (full 2):
 PSYoungGen      total 334848K, used 16358K [0x000000076b580000, 0x0000000782780000, 0x00000007c0000000)
  eden space 318464K, 0% used [0x000000076b580000,0x000000076b580000,0x000000077ec80000)
  from space 16384K, 99% used [0x000000077ec80000,0x000000077fc79990,0x000000077fc80000)
  to   space 19456K, 0% used [0x0000000781480000,0x0000000781480000,0x0000000782780000)
 ParOldGen       total 163840K, used 24276K [0x00000006c2000000, 0x00000006cc000000, 0x000000076b580000)
  object space 163840K, 14% used [0x00000006c2000000,0x00000006c37b53c8,0x00000006cc000000)
 Metaspace       used 45126K, capacity 46870K, committed 47104K, reserved 1089536K
  class space    used 5929K, capacity 6279K, committed 6400K, reserved 1048576K
}
Event: 6.628 GC heap before
{Heap before GC invocations=12 (full 2):
 PSYoungGen      total 334848K, used 334822K [0x000000076b580000, 0x0000000782780000, 0x00000007c0000000)
  eden space 318464K, 100% used [0x000000076b580000,0x000000077ec80000,0x000000077ec80000)
  from space 16384K, 99% used [0x000000077ec80000,0x000000077fc79990,0x000000077fc80000)
  to   space 19456K, 0% used [0x0000000781480000,0x0000000781480000,0x0000000782780000)
 ParOldGen       total 163840K, used 24276K [0x00000006c2000000, 0x00000006cc000000, 0x000000076b580000)
  object space 163840K, 14% used [0x00000006c2000000,0x00000006c37b53c8,0x00000006cc000000)
 Metaspace       used 49854K, capacity 51982K, committed 52096K, reserved 1093632K
  class space    used 6591K, capacity 6976K, committed 7040K, reserved 1048576K
Event: 6.637 GC heap after
Heap after GC invocations=12 (full 2):
 PSYoungGen      total 354816K, used 19431K [0x000000076b580000, 0x0000000785c00000, 0x00000007c0000000)
  eden space 335360K, 0% used [0x000000076b580000,0x000000076b580000,0x000000077fd00000)
  from space 19456K, 99% used [0x0000000781480000,0x0000000782779da0,0x0000000782780000)
  to   space 24064K, 0% used [0x000000077fd00000,0x000000077fd00000,0x0000000781480000)
 ParOldGen       total 163840K, used 30043K [0x00000006c2000000, 0x00000006cc000000, 0x000000076b580000)
  object space 163840K, 18% used [0x00000006c2000000,0x00000006c3d56c30,0x00000006cc000000)
 Metaspace       used 49854K, capacity 51982K, committed 52096K, reserved 1093632K
  class space    used 6591K, capacity 6976K, committed 7040K, reserved 1048576K
}
Event: 7.674 GC heap before
{Heap before GC invocations=13 (full 2):
 PSYoungGen      total 354816K, used 354791K [0x000000076b580000, 0x0000000785c00000, 0x00000007c0000000)
  eden space 335360K, 100% used [0x000000076b580000,0x000000077fd00000,0x000000077fd00000)
  from space 19456K, 99% used [0x0000000781480000,0x0000000782779da0,0x0000000782780000)
  to   space 24064K, 0% used [0x000000077fd00000,0x000000077fd00000,0x0000000781480000)
 ParOldGen       total 163840K, used 30043K [0x00000006c2000000, 0x00000006cc000000, 0x000000076b580000)
  object space 163840K, 18% used [0x00000006c2000000,0x00000006c3d56c30,0x00000006cc000000)
 Metaspace       used 55031K, capacity 57808K, committed 57984K, reserved 1099776K
  class space    used 7276K, capacity 7765K, committed 7808K, reserved 1048576K
Event: 7.685 GC heap after
Heap after GC invocations=13 (full 2):
 PSYoungGen      total 359424K, used 24038K [0x000000076b580000, 0x0000000787c00000, 0x00000007c0000000)
  eden space 335360K, 0% used [0x000000076b580000,0x000000076b580000,0x000000077fd00000)
  from space 24064K, 99% used [0x000000077fd00000,0x0000000781479b78,0x0000000781480000)
  to   space 30208K, 0% used [0x0000000785e80000,0x0000000785e80000,0x0000000787c00000)
 ParOldGen       total 163840K, used 37024K [0x00000006c2000000, 0x00000006cc000000, 0x000000076b580000)
  object space 163840K, 22% used [0x00000006c2000000,0x00000006c44283c8,0x00000006cc000000)
 Metaspace       used 55031K, capacity 57808K, committed 57984K, reserved 1099776K
  class space    used 7276K, capacity 7765K, committed 7808K, reserved 1048576K
}
Event: 7.782 GC heap before
{Heap before GC invocations=14 (full 2):
 PSYoungGen      total 359424K, used 58679K [0x000000076b580000, 0x0000000787c00000, 0x00000007c0000000)
  eden space 335360K, 10% used [0x000000076b580000,0x000000076d754368,0x000000077fd00000)
  from space 24064K, 99% used [0x000000077fd00000,0x0000000781479b78,0x0000000781480000)
  to   space 30208K, 0% used [0x0000000785e80000,0x0000000785e80000,0x0000000787c00000)
 ParOldGen       total 163840K, used 37024K [0x00000006c2000000, 0x00000006cc000000, 0x000000076b580000)
  object space 163840K, 22% used [0x00000006c2000000,0x00000006c44283c8,0x00000006cc000000)
 Metaspace       used 56281K, capacity 59076K, committed 59096K, reserved 1099776K
  class space    used 7448K, capacity 7929K, committed 7936K, reserved 1048576K
Event: 7.791 GC heap after
Heap after GC invocations=14 (full 2):
 PSYoungGen      total 436224K, used 10435K [0x000000076b580000, 0x000000078ab00000, 0x00000007c0000000)
  eden space 406016K, 0% used [0x000000076b580000,0x000000076b580000,0x0000000784200000)
  from space 30208K, 34% used [0x0000000785e80000,0x00000007868b0ef0,0x0000000787c00000)
  to   space 29184K, 0% used [0x0000000784200000,0x0000000784200000,0x0000000785e80000)
 ParOldGen       total 163840K, used 49576K [0x00000006c2000000, 0x00000006cc000000, 0x000000076b580000)
  object space 163840K, 30% used [0x00000006c2000000,0x00000006c506a198,0x00000006cc000000)
 Metaspace       used 56281K, capacity 59076K, committed 59096K, reserved 1099776K
  class space    used 7448K, capacity 7929K, committed 7936K, reserved 1048576K
}
Event: 7.791 GC heap before
{Heap before GC invocations=15 (full 3):
 PSYoungGen      total 436224K, used 10435K [0x000000076b580000, 0x000000078ab00000, 0x00000007c0000000)
  eden space 406016K, 0% used [0x000000076b580000,0x000000076b580000,0x0000000784200000)
  from space 30208K, 34% used [0x0000000785e80000,0x00000007868b0ef0,0x0000000787c00000)
  to   space 29184K, 0% used [0x0000000784200000,0x0000000784200000,0x0000000785e80000)
 ParOldGen       total 163840K, used 49576K [0x00000006c2000000, 0x00000006cc000000, 0x000000076b580000)
  object space 163840K, 30% used [0x00000006c2000000,0x00000006c506a198,0x00000006cc000000)
 Metaspace       used 56281K, capacity 59076K, committed 59096K, reserved 1099776K
  class space    used 7448K, capacity 7929K, committed 7936K, reserved 1048576K
Event: 7.887 GC heap after
Heap after GC invocations=15 (full 3):
 PSYoungGen      total 436224K, used 0K [0x000000076b580000, 0x000000078ab00000, 0x00000007c0000000)
  eden space 406016K, 0% used [0x000000076b580000,0x000000076b580000,0x0000000784200000)
  from space 30208K, 0% used [0x0000000785e80000,0x0000000785e80000,0x0000000787c00000)
  to   space 29184K, 0% used [0x0000000784200000,0x0000000784200000,0x0000000785e80000)
 ParOldGen       total 230400K, used 45444K [0x00000006c2000000, 0x00000006d0100000, 0x000000076b580000)
  object space 230400K, 19% used [0x00000006c2000000,0x00000006c4c61208,0x00000006d0100000)
 Metaspace       used 56281K, capacity 59076K, committed 59096K, reserved 1099776K
  class space    used 7448K, capacity 7929K, committed 7936K, reserved 1048576K
}

Deoptimization events (0 events):
No events

Classes redefined (0 events):
No events

Internal exceptions (10 events):
Event: 12.265 Thread 0x00000000208d3800 Exception <a 'java/io/FileNotFoundException'> (0x0000000771fa01b8) thrown at [C:\re\workspace\8-2-build-windows-amd64-cygwin\jdk8u181\11358\hotspot\src\share\vm\prims\jni.cpp, line 709]
Event: 13.633 Thread 0x00000000255fb800 Exception <a 'java/lang/ArrayIndexOutOfBoundsException'> (0x00000007723fd1c8) thrown at [C:\re\workspace\8-2-build-windows-amd64-cygwin\jdk8u181\11358\hotspot\src\share\vm\runtime\sharedRuntime.cpp, line 605]
Event: 22.265 Thread 0x00000000208d3800 Exception <a 'java/io/FileNotFoundException'> (0x0000000771fa8fb0) thrown at [C:\re\workspace\8-2-build-windows-amd64-cygwin\jdk8u181\11358\hotspot\src\share\vm\prims\jni.cpp, line 709]
Event: 22.266 Thread 0x00000000208d3800 Exception <a 'java/io/FileNotFoundException'> (0x0000000771fa9588) thrown at [C:\re\workspace\8-2-build-windows-amd64-cygwin\jdk8u181\11358\hotspot\src\share\vm\prims\jni.cpp, line 709]
Event: 32.266 Thread 0x00000000208d3800 Exception <a 'java/io/FileNotFoundException'> (0x0000000771fb2380) thrown at [C:\re\workspace\8-2-build-windows-amd64-cygwin\jdk8u181\11358\hotspot\src\share\vm\prims\jni.cpp, line 709]
Event: 32.266 Thread 0x00000000208d3800 Exception <a 'java/io/FileNotFoundException'> (0x0000000771fb2958) thrown at [C:\re\workspace\8-2-build-windows-amd64-cygwin\jdk8u181\11358\hotspot\src\share\vm\prims\jni.cpp, line 709]
Event: 42.266 Thread 0x00000000208d3800 Exception <a 'java/io/FileNotFoundException'> (0x0000000771fbb750) thrown at [C:\re\workspace\8-2-build-windows-amd64-cygwin\jdk8u181\11358\hotspot\src\share\vm\prims\jni.cpp, line 709]
Event: 42.266 Thread 0x00000000208d3800 Exception <a 'java/io/FileNotFoundException'> (0x0000000771fbbd28) thrown at [C:\re\workspace\8-2-build-windows-amd64-cygwin\jdk8u181\11358\hotspot\src\share\vm\prims\jni.cpp, line 709]
Event: 52.267 Thread 0x00000000208d3800 Exception <a 'java/io/FileNotFoundException'> (0x0000000771fc4b20) thrown at [C:\re\workspace\8-2-build-windows-amd64-cygwin\jdk8u181\11358\hotspot\src\share\vm\prims\jni.cpp, line 709]
Event: 52.267 Thread 0x00000000208d3800 Exception <a 'java/io/FileNotFoundException'> (0x0000000771fc50f8) thrown at [C:\re\workspace\8-2-build-windows-amd64-cygwin\jdk8u181\11358\hotspot\src\share\vm\prims\jni.cpp, line 709]

Events (10 events):
Event: 54.186 Executing VM operation: RevokeBias done
Event: 54.186 Thread 0x00000000208d4000 Thread exited: 0x00000000208d4000
Event: 57.530 Executing VM operation: RevokeBias
Event: 57.530 Executing VM operation: RevokeBias done
Event: 57.530 Thread 0x0000000022890800 Thread exited: 0x0000000022890800
Event: 57.533 Thread 0x0000000022896800 Thread added: 0x0000000022896800
Event: 58.482 Executing VM operation: RevokeBias
Event: 58.482 Executing VM operation: RevokeBias done
Event: 58.485 Executing VM operation: BulkRevokeBias
Event: 58.486 Executing VM operation: BulkRevokeBias done


Dynamic libraries:
0x00007ff750e70000 - 0x00007ff750ea7000 	D:\develop\jdk1.8.0_181\bin\java.exe
0x00007ffbecf50000 - 0x00007ffbed145000 	C:\Windows\SYSTEM32\ntdll.dll
0x00007ffbebf00000 - 0x00007ffbebfbe000 	C:\Windows\System32\KERNEL32.DLL
0x00007ffbeab00000 - 0x00007ffbeadc8000 	C:\Windows\System32\KERNELBASE.dll
0x00007ffbec0b0000 - 0x00007ffbec15e000 	C:\Windows\System32\ADVAPI32.dll
0x00007ffbece70000 - 0x00007ffbecf0e000 	C:\Windows\System32\msvcrt.dll
0x00007ffbec660000 - 0x00007ffbec6fc000 	C:\Windows\System32\sechost.dll
0x00007ffbeafc0000 - 0x00007ffbeb0e5000 	C:\Windows\System32\RPCRT4.dll
0x00007ffbebcb0000 - 0x00007ffbebe50000 	C:\Windows\System32\USER32.dll
0x00007ffbea670000 - 0x00007ffbea692000 	C:\Windows\System32\win32u.dll
0x00007ffbecc40000 - 0x00007ffbecc6b000 	C:\Windows\System32\GDI32.dll
0x00007ffbea6a0000 - 0x00007ffbea7ab000 	C:\Windows\System32\gdi32full.dll
0x00007ffbea980000 - 0x00007ffbeaa1d000 	C:\Windows\System32\msvcp_win.dll
0x00007ffbeaeb0000 - 0x00007ffbeafb0000 	C:\Windows\System32\ucrtbase.dll
0x00007ffbd7d30000 - 0x00007ffbd7fca000 	C:\Windows\WinSxS\amd64_microsoft.windows.common-controls_6595b64144ccf1df_6.0.19041.1110_none_60b5254171f9507e\COMCTL32.dll
0x00007ffbece40000 - 0x00007ffbece70000 	C:\Windows\System32\IMM32.DLL
0x00000000627b0000 - 0x0000000062882000 	D:\develop\jdk1.8.0_181\jre\bin\msvcr100.dll
0x0000000061f00000 - 0x00000000627a2000 	D:\develop\jdk1.8.0_181\jre\bin\server\jvm.dll
0x00007ffbebaf0000 - 0x00007ffbebaf8000 	C:\Windows\System32\PSAPI.DLL
0x00007ffbe6ee0000 - 0x00007ffbe6ee9000 	C:\Windows\SYSTEM32\WSOCK32.dll
0x00007ffbe4c80000 - 0x00007ffbe4c8a000 	C:\Windows\SYSTEM32\VERSION.dll
0x00007ffbd8180000 - 0x00007ffbd81a7000 	C:\Windows\SYSTEM32\WINMM.dll
0x00007ffbebfc0000 - 0x00007ffbec02b000 	C:\Windows\System32\WS2_32.dll
0x0000000061ef0000 - 0x0000000061eff000 	D:\develop\jdk1.8.0_181\jre\bin\verify.dll
0x0000000061ec0000 - 0x0000000061ee9000 	D:\develop\jdk1.8.0_181\jre\bin\java.dll
0x0000000061ce0000 - 0x0000000061d03000 	D:\develop\jdk1.8.0_181\jre\bin\instrument.dll
0x0000000061ea0000 - 0x0000000061eb6000 	D:\develop\jdk1.8.0_181\jre\bin\zip.dll
0x00007ffbeb0f0000 - 0x00007ffbeb834000 	C:\Windows\System32\SHELL32.dll
0x00007ffbe83c0000 - 0x00007ffbe8b54000 	C:\Windows\SYSTEM32\windows.storage.dll
0x00007ffbec1c0000 - 0x00007ffbec514000 	C:\Windows\System32\combase.dll
0x00007ffbea0d0000 - 0x00007ffbea0fc000 	C:\Windows\SYSTEM32\Wldp.dll
0x00007ffbebe50000 - 0x00007ffbebefd000 	C:\Windows\System32\SHCORE.dll
0x00007ffbec600000 - 0x00007ffbec655000 	C:\Windows\System32\shlwapi.dll
0x00007ffbea5b0000 - 0x00007ffbea5cf000 	C:\Windows\SYSTEM32\profapi.dll
0x00007ffbc2800000 - 0x00007ffbc281a000 	D:\develop\IntelliJ IDEA 2020.1.2\bin\breakgen64.dll
0x0000000061e70000 - 0x0000000061e8a000 	D:\develop\jdk1.8.0_181\jre\bin\net.dll
0x00007ffbe9e30000 - 0x00007ffbe9e9a000 	C:\Windows\system32\mswsock.dll
0x00007ffbe9b20000 - 0x00007ffbe9bea000 	C:\Windows\SYSTEM32\DNSAPI.dll
0x00007ffbe9ad0000 - 0x00007ffbe9b0b000 	C:\Windows\SYSTEM32\IPHLPAPI.DLL
0x00007ffbeafb0000 - 0x00007ffbeafb8000 	C:\Windows\System32\NSI.dll
0x00007ffbe1ec0000 - 0x00007ffbe1eca000 	C:\Windows\System32\rasadhlp.dll
0x00007ffbe1790000 - 0x00007ffbe180f000 	C:\Windows\System32\fwpuclnt.dll
0x00007ffbeaa20000 - 0x00007ffbeaa47000 	C:\Windows\System32\bcrypt.dll
0x0000000061e90000 - 0x0000000061e9d000 	D:\develop\jdk1.8.0_181\jre\bin\management.dll
0x0000000061e50000 - 0x0000000061e61000 	D:\develop\jdk1.8.0_181\jre\bin\nio.dll
0x00007ffbea020000 - 0x00007ffbea038000 	C:\Windows\SYSTEM32\CRYPTSP.dll
0x00007ffbe9740000 - 0x00007ffbe9774000 	C:\Windows\system32\rsaenh.dll
0x00007ffbea530000 - 0x00007ffbea55e000 	C:\Windows\SYSTEM32\USERENV.dll
0x00007ffbeae20000 - 0x00007ffbeaea2000 	C:\Windows\System32\bcryptprimitives.dll
0x00007ffbea040000 - 0x00007ffbea04c000 	C:\Windows\SYSTEM32\CRYPTBASE.dll
0x00007ffbe3f20000 - 0x00007ffbe3f37000 	C:\Windows\SYSTEM32\dhcpcsvc6.DLL
0x00007ffbe3f00000 - 0x00007ffbe3f1d000 	C:\Windows\SYSTEM32\dhcpcsvc.DLL
0x00007ffbd0be0000 - 0x00007ffbd0bf7000 	C:\Windows\system32\napinsp.dll
0x00007ffbd0bb0000 - 0x00007ffbd0bcb000 	C:\Windows\system32\pnrpnsp.dll
0x00007ffbd0b90000 - 0x00007ffbd0ba5000 	C:\Windows\system32\wshbth.dll
0x00007ffbe6010000 - 0x00007ffbe602d000 	C:\Windows\system32\NLAapi.dll
0x00007ffbd0b20000 - 0x00007ffbd0b32000 	C:\Windows\System32\winrnr.dll
0x00007ffbe9370000 - 0x00007ffbe93a3000 	C:\Windows\SYSTEM32\ntmarta.dll

VM Arguments:
jvm_args: -XX:TieredStopAtLevel=1 -Xverify:none -Dspring.output.ansi.enabled=always -Dcom.sun.management.jmxremote -Dspring.jmx.enabled=true -Dspring.liveBeansView.mbeanDomain -Dspring.application.admin.enabled=true -javaagent:D:\develop\IntelliJ IDEA 2020.1.2\lib\idea_rt.jar=12446:D:\develop\IntelliJ IDEA 2020.1.2\bin -Dfile.encoding=UTF-8 
java_command: com.shanjupay.merchant.MerchantBootstrap
java_class_path (initial): D:\develop\jdk1.8.0_181\jre\lib\charsets.jar;D:\develop\jdk1.8.0_181\jre\lib\deploy.jar;D:\develop\jdk1.8.0_181\jre\lib\ext\access-bridge-64.jar;D:\develop\jdk1.8.0_181\jre\lib\ext\cldrdata.jar;D:\develop\jdk1.8.0_181\jre\lib\ext\dnsns.jar;D:\develop\jdk1.8.0_181\jre\lib\ext\jaccess.jar;D:\develop\jdk1.8.0_181\jre\lib\ext\jfxrt.jar;D:\develop\jdk1.8.0_181\jre\lib\ext\localedata.jar;D:\develop\jdk1.8.0_181\jre\lib\ext\nashorn.jar;D:\develop\jdk1.8.0_181\jre\lib\ext\sunec.jar;D:\develop\jdk1.8.0_181\jre\lib\ext\sunjce_provider.jar;D:\develop\jdk1.8.0_181\jre\lib\ext\sunmscapi.jar;D:\develop\jdk1.8.0_181\jre\lib\ext\sunpkcs11.jar;D:\develop\jdk1.8.0_181\jre\lib\ext\zipfs.jar;D:\develop\jdk1.8.0_181\jre\lib\javaws.jar;D:\develop\jdk1.8.0_181\jre\lib\jce.jar;D:\develop\jdk1.8.0_181\jre\lib\jfr.jar;D:\develop\jdk1.8.0_181\jre\lib\jfxswt.jar;D:\develop\jdk1.8.0_181\jre\lib\jsse.jar;D:\develop\jdk1.8.0_181\jre\lib\management-agent.jar;D:\develop\jdk1.8.0_181\jre\lib\plugin.jar;D:\develop\jdk1.8.0_181\jre\lib\resources.jar;D:\develop\jdk1.8.0_181\jre\lib\rt.jar;D:\files\java\shanjupay\shanjupay-merchant\shanjupay-merchant-service\target\classes;D:\files\java\shanjupay\shanjupay-user\shanjupay-user-api\target\classes;D:\files\java\shanjupay\shanjupay-common\target\classes;D:\develop\repository3\com\alibaba\fastjson\1.2.47\fastjson-1.2.47.jar;D:\develop\repository3\commons-lang\commons-lang\2.6\commons-lang-2.6.jar;D:\develop\repository3\io\springfox\springfox-swagger2\2.9.2\springfox-swagger2-2.9.2.jar;D:\develop\repository3\io\swagger\swagger-annotations\1.5.20\swagger-annotations-1.5.20.jar;D:\develop\repository3\io\swagger\swagger-models\1.5.20\swagger-models-1.5.20.jar;D:\develop\repository3\io\springfox\springfox-spi\2.9.2\springfox-spi-2.9.2.jar;D:\develop\repository3\io\springfox\springfox-core\2.9.2\springfox-core-2.9.2.jar;D:\develop\repository3\io\springfox\springfox-schema\2.9.2\springfox-schema-2.9.2.jar;D:\develop\repository3\io\sprin
Launcher Type: SUN_STANDARD

Environment Variables:
JAVA_HOME=D:\develop\jdk1.8.0_181
PATH=C:\Windows\system32;C:\Windows;C:\Windows\System32\Wbem;C:\Windows\System32\WindowsPowerShell\v1.0\;C:\Windows\System32\OpenSSH\;C:\Program Files (x86)\NVIDIA Corporation\PhysX\Common;C:\Program Files\NVIDIA Corporation\NVIDIA NvDLISR;D:\develop\jdk1.8.0_181\bin;D:\develop\apache-tomcat-9.0.41\lib;D:\develop\apache-maven-3.6.3\bin;C:\Program Files\MariaDB 10.5\bin;C:\ProgramData\chocolatey\bin;D:\develop\anaconda\Scripts;D:\software\Git\cmd;D:\develop\nodejs\;D:\develop\yarn\bin\;D:\files\java\shanjupay-web\project-juhezhifu-admin-vue\node_modules\.bin;D:\develop\Python\Scripts\;D:\develop\Python\;C:\Users\schwarzenegger\AppData\Local\Microsoft\WindowsApps;C:\Users\schwarzenegger\AppData\Local\atom\bin;D:\develop\IntelliJ IDEA 2020.1.2\bin;;D:\develop\Microsoft VS Code\bin;D:\software\PyCharm Community Edition 2021.1.3\bin;;D:\software\IntelliJ IDEA Community Edition 2021.2.1\bin;;C:\Users\schwarzenegger\AppData\Roaming\npm;C:\Users\schwarzenegger\AppData\Local\Yarn\bin
USERNAME=schwarzenegger
OS=Windows_NT
PROCESSOR_IDENTIFIER=Intel64 Family 6 Model 165 Stepping 2, GenuineIntel



---------------  S Y S T E M  ---------------

OS: Windows 10.0 , 64 bit Build 19041 (10.0.19041.1566)

CPU:total 16 (initial active 16) (8 cores per cpu, 2 threads per core) family 6 model 165 stepping 2, cmov, cx8, fxsr, mmx, sse, sse2, sse3, ssse3, sse4.1, sse4.2, popcnt, avx, avx2, aes, clmul, erms, 3dnowpref, lzcnt, ht, tsc, tscinvbit, bmi1, bmi2, adx

Memory: 4k page, physical 16640816k(2324340k free), swap 29748012k(5128k free)

vm_info: Java HotSpot(TM) 64-Bit Server VM (25.181-b13) for windows-amd64 JRE (1.8.0_181-b13), built on Jul  7 2018 04:01:33 by "java_re" with MS VC++ 10.0 (VS2010)

time: Thu Mar 24 19:58:34 2022
elapsed time: 58 seconds (0d 0h 0m 58s)

