#
# There is insufficient memory for the Java Runtime Environment to continue.
# Native memory allocation (malloc) failed to allocate 32744 bytes for ChunkPool::allocate
# Possible reasons:
#   The system is out of physical RAM or swap space
#   In 32 bit mode, the process size limit was hit
# Possible solutions:
#   Reduce memory load on the system
#   Increase physical memory or swap space
#   Check if swap backing store is full
#   Use 64 bit Java on a 64 bit OS
#   Decrease Java heap size (-Xmx/-Xms)
#   Decrease number of Java threads
#   Decrease Java thread stack sizes (-Xss)
#   Set larger code cache with -XX:ReservedCodeCacheSize=
# This output file may be truncated or incomplete.
#
#  Out of Memory Error (allocation.cpp:273), pid=14800, tid=0x0000000000002138
#
# JRE version: Java(TM) SE Runtime Environment (8.0_181-b13) (build 1.8.0_181-b13)
# Java VM: Java HotSpot(TM) 64-Bit Server VM (25.181-b13 mixed mode windows-amd64 compressed oops)
# Failed to write core dump. Minidumps are not enabled by default on client versions of Windows
#

---------------  T H R E A D  ---------------

Current thread (0x000000001eb45000):  VMThread [stack: 0x00000000201c0000,0x00000000202c0000] [id=8504]

Stack: [0x00000000201c0000,0x00000000202c0000]
[error occurred during error reporting (printing stack bounds), id 0xc0000005]

Native frames: (J=compiled Java code, j=interpreted, Vv=VM code, C=native code)

VM_Operation (0x00000000204bebe0): BulkRevokeBias, mode: safepoint, requested by thread 0x000000001eb66800


---------------  P R O C E S S  ---------------

Java Threads: ( => current thread )
  0x0000000025768800 JavaThread "Keep-Alive-Timer" daemon [_thread_blocked, id=31616, stack(0x0000000000d10000,0x0000000000e10000)]
  0x0000000025761800 JavaThread "com.alibaba.nacos.client.Worker.longPolling.fixed-127.0.0.1_8848-fc2d41a7-328a-4c80-9e66-e9b3a3e1d418" daemon [_thread_blocked, id=19080, stack(0x0000000023da0000,0x0000000023ea0000)]
  0x0000000025766000 JavaThread "com.alibaba.nacos.client.Worker.longPolling.fixed-127.0.0.1_8848-fc2d41a7-328a-4c80-9e66-e9b3a3e1d418" daemon [_thread_blocked, id=18732, stack(0x0000000028f70000,0x0000000029070000)]
  0x000000002576c000 JavaThread "com.alibaba.nacos.client.Worker.longPolling.fixed-127.0.0.1_8848-fc2d41a7-328a-4c80-9e66-e9b3a3e1d418" daemon [_thread_blocked, id=22396, stack(0x00000000237f0000,0x00000000238f0000)]
  0x000000002576a800 JavaThread "com.alibaba.nacos.naming.beat.sender" daemon [_thread_blocked, id=27560, stack(0x0000000029570000,0x0000000029670000)]
  0x0000000025765800 JavaThread "com.alibaba.nacos.client.Worker.longPolling.fixed-127.0.0.1_8848-fc2d41a7-328a-4c80-9e66-e9b3a3e1d418" daemon [_thread_blocked, id=41020, stack(0x0000000029470000,0x0000000029570000)]
  0x000000002576b800 JavaThread "com.alibaba.nacos.naming.beat.sender" daemon [_thread_blocked, id=30136, stack(0x0000000029370000,0x0000000029470000)]
  0x0000000025764000 JavaThread "com.alibaba.nacos.naming.beat.sender" daemon [_thread_blocked, id=16424, stack(0x0000000029270000,0x0000000029370000)]
  0x000000002576a000 JavaThread "com.alibaba.nacos.naming.beat.sender" daemon [_thread_blocked, id=38148, stack(0x0000000029170000,0x0000000029270000)]
  0x0000000025767800 JavaThread "com.alibaba.nacos.naming.beat.sender" daemon [_thread_blocked, id=37188, stack(0x0000000028b70000,0x0000000028c70000)]
  0x0000000025769000 JavaThread "com.alibaba.nacos.naming.beat.sender" daemon [_thread_blocked, id=39108, stack(0x00000000246a0000,0x00000000247a0000)]
  0x0000000025764800 JavaThread "com.alibaba.nacos.client.Worker.longPolling.fixed-127.0.0.1_8848-fc2d41a7-328a-4c80-9e66-e9b3a3e1d418" daemon [_thread_in_native, id=18012, stack(0x0000000028e70000,0x0000000028f70000)]
  0x0000000025761000 JavaThread "com.alibaba.nacos.client.Worker.longPolling.fixed-127.0.0.1_8848-fc2d41a7-328a-4c80-9e66-e9b3a3e1d418" daemon [_thread_blocked, id=41104, stack(0x0000000028d70000,0x0000000028e70000)]
  0x0000000025763000 JavaThread "DestroyJavaVM" [_thread_blocked, id=30572, stack(0x0000000002ec0000,0x0000000002fc0000)]
  0x0000000025767000 JavaThread "com.alibaba.nacos.naming.beat.sender" daemon [_thread_blocked, id=6676, stack(0x0000000028c70000,0x0000000028d70000)]
  0x0000000022a9d800 JavaThread "com.alibaba.nacos.naming.beat.sender" daemon [_thread_blocked, id=24964, stack(0x0000000028a70000,0x0000000028b70000)]
  0x0000000020cce000 JavaThread "http-nio-56010-Acceptor-0" daemon [_thread_blocked, id=31540, stack(0x0000000028970000,0x0000000028a70000)]
  0x0000000020cc9800 JavaThread "http-nio-56010-ClientPoller-1" daemon [_thread_in_native, id=38776, stack(0x0000000028870000,0x0000000028970000)]
  0x0000000020ccc800 JavaThread "http-nio-56010-ClientPoller-0" daemon [_thread_in_native, id=31664, stack(0x0000000028770000,0x0000000028870000)]
  0x0000000020cc9000 JavaThread "http-nio-56010-exec-10" daemon [_thread_blocked, id=12272, stack(0x0000000028670000,0x0000000028770000)]
  0x0000000020ccb000 JavaThread "http-nio-56010-exec-9" daemon [_thread_blocked, id=39160, stack(0x0000000028570000,0x0000000028670000)]
  0x0000000020ccd800 JavaThread "http-nio-56010-exec-8" daemon [_thread_blocked, id=29344, stack(0x0000000028470000,0x0000000028570000)]
  0x0000000020cca800 JavaThread "http-nio-56010-exec-7" daemon [_thread_blocked, id=32852, stack(0x0000000028370000,0x0000000028470000)]
  0x0000000020ccc000 JavaThread "http-nio-56010-exec-6" daemon [_thread_blocked, id=18740, stack(0x0000000028270000,0x0000000028370000)]
  0x0000000020ccf000 JavaThread "http-nio-56010-exec-5" daemon [_thread_blocked, id=35908, stack(0x0000000028170000,0x0000000028270000)]
  0x0000000020cc8000 JavaThread "http-nio-56010-exec-4" daemon [_thread_blocked, id=19820, stack(0x0000000028070000,0x0000000028170000)]
  0x0000000020cc0800 JavaThread "http-nio-56010-exec-3" daemon [_thread_blocked, id=43812, stack(0x0000000027f70000,0x0000000028070000)]
  0x0000000020cc7800 JavaThread "http-nio-56010-exec-2" daemon [_thread_blocked, id=31748, stack(0x0000000027e70000,0x0000000027f70000)]
  0x0000000020cbf800 JavaThread "http-nio-56010-exec-1" daemon [_thread_blocked, id=40300, stack(0x0000000027d70000,0x0000000027e70000)]
  0x0000000020cc5000 JavaThread "NioBlockingSelector.BlockPoller-1" daemon [_thread_in_native, id=37716, stack(0x0000000024aa0000,0x0000000024ba0000)]
  0x0000000020cc6800 JavaThread "ThreadPoolTaskScheduler-1" [_thread_blocked, id=28232, stack(0x0000000027a70000,0x0000000027b70000)]
  0x0000000020cc3800 JavaThread "SimpleHostRoutingFilter.connectionManagerTimer" daemon [_thread_blocked, id=35432, stack(0x0000000027770000,0x0000000027870000)]
  0x0000000020cc3000 JavaThread "container-0" [_thread_blocked, id=32300, stack(0x0000000027070000,0x0000000027170000)]
  0x0000000020cc4800 JavaThread "Catalina-utility-2" [_thread_blocked, id=43732, stack(0x0000000026f70000,0x0000000027070000)]
  0x0000000020cc1000 JavaThread "Catalina-utility-1" [_thread_blocked, id=44940, stack(0x0000000026e70000,0x0000000026f70000)]
  0x0000000020cc2000 JavaThread "RxIoScheduler-1 (Evictor)" daemon [_thread_blocked, id=21732, stack(0x0000000026d70000,0x0000000026e70000)]
  0x0000000020cc6000 JavaThread "com.alibaba.nacos.naming.push.receiver" daemon [_thread_in_native, id=16668, stack(0x0000000026c70000,0x0000000026d70000)]
  0x0000000022a9c000 JavaThread "com.alibaba.nacos.naming.failover" daemon [_thread_blocked, id=26356, stack(0x0000000026b70000,0x0000000026c70000)]
  0x0000000022a99800 JavaThread "com.alibaba.nacos.naming.client.listener" daemon [_thread_blocked, id=10372, stack(0x0000000026a70000,0x0000000026b70000)]
  0x0000000022a98800 JavaThread "SimplePauseDetectorThread_0" daemon [_thread_blocked, id=21216, stack(0x0000000026970000,0x0000000026a70000)]
  0x0000000022a9b000 JavaThread "Thread-20" daemon [_thread_blocked, id=27988, stack(0x0000000026870000,0x0000000026970000)]
  0x0000000022a98000 JavaThread "spring.cloud.inetutils" daemon [_thread_blocked, id=17208, stack(0x0000000026570000,0x0000000026670000)]
  0x0000000022a97000 JavaThread "AsyncAppender-AsyncAppender" daemon [_thread_blocked, id=39428, stack(0x0000000024ca0000,0x0000000024da0000)]
  0x0000000022a9e000 JavaThread "Log4j2-TF-12-Scheduled-4" daemon [_thread_blocked, id=26148, stack(0x0000000024ba0000,0x0000000024ca0000)]
  0x0000000022a9a000 JavaThread "com.alibaba.nacos.client.Worker.fixed-127.0.0.1_8848-fc2d41a7-328a-4c80-9e66-e9b3a3e1d418" daemon [_thread_blocked, id=25828, stack(0x00000000242a0000,0x00000000243a0000)]
  0x0000000022a9c800 JavaThread "Timer-0" daemon [_thread_blocked, id=39452, stack(0x00000000241a0000,0x00000000242a0000)]
  0x000000002276b000 JavaThread "RMI Scheduler(0)" daemon [_thread_blocked, id=35384, stack(0x0000000023ea0000,0x0000000023fa0000)]
  0x0000000020ead800 JavaThread "RMI TCP Accept-0" daemon [_thread_in_native, id=28004, stack(0x0000000021e20000,0x0000000021f20000)]
  0x0000000020ca4000 JavaThread "Service Thread" daemon [_thread_blocked, id=39696, stack(0x0000000021d20000,0x0000000021e20000)]
  0x0000000020ba6000 JavaThread "C1 CompilerThread11" daemon [_thread_blocked, id=19136, stack(0x0000000021c20000,0x0000000021d20000)]
  0x0000000020ba3000 JavaThread "C1 CompilerThread10" daemon [_thread_blocked, id=39200, stack(0x0000000021a20000,0x0000000021b20000)]
  0x0000000020b92800 JavaThread "C1 CompilerThread9" daemon [_thread_blocked, id=30712, stack(0x0000000021920000,0x0000000021a20000)]
  0x0000000020b8f800 JavaThread "C1 CompilerThread8" daemon [_thread_blocked, id=19260, stack(0x0000000021820000,0x0000000021920000)]
  0x0000000020b87000 JavaThread "C2 CompilerThread7" daemon [_thread_blocked, id=44148, stack(0x0000000021720000,0x0000000021820000)]
  0x0000000020b84000 JavaThread "C2 CompilerThread6" daemon [_thread_blocked, id=43692, stack(0x0000000021620000,0x0000000021720000)]
  0x0000000020b81800 JavaThread "C2 CompilerThread5" daemon [_thread_blocked, id=36036, stack(0x0000000021520000,0x0000000021620000)]
  0x0000000020b70800 JavaThread "C2 CompilerThread4" daemon [_thread_blocked, id=15624, stack(0x0000000021420000,0x0000000021520000)]
  0x0000000020b67800 JavaThread "C2 CompilerThread3" daemon [_thread_blocked, id=33916, stack(0x0000000021320000,0x0000000021420000)]
  0x0000000020b67000 JavaThread "C2 CompilerThread2" daemon [_thread_blocked, id=35256, stack(0x0000000021220000,0x0000000021320000)]
  0x0000000020bb4800 JavaThread "C2 CompilerThread1" daemon [_thread_blocked, id=20088, stack(0x0000000021120000,0x0000000021220000)]
  0x0000000020bb3800 JavaThread "C2 CompilerThread0" daemon [_thread_blocked, id=36004, stack(0x0000000021020000,0x0000000021120000)]
  0x0000000020b17800 JavaThread "Monitor Ctrl-Break" daemon [_thread_in_native, id=9572, stack(0x0000000020f20000,0x0000000021020000)]
  0x000000001ebea800 JavaThread "Attach Listener" daemon [_thread_blocked, id=43792, stack(0x0000000020620000,0x0000000020720000)]
  0x000000001eb90000 JavaThread "Signal Dispatcher" daemon [_thread_blocked, id=12432, stack(0x0000000020520000,0x0000000020620000)]
  0x000000001eb66800 JavaThread "Finalizer" daemon [_thread_blocked, id=16572, stack(0x00000000203c0000,0x00000000204c0000)]
  0x000000001d104000 JavaThread "Reference Handler" daemon [_thread_blocked, id=42900, stack(0x00000000202c0000,0x00000000203c0000)]

Other Threads:
=>0x000000001eb45000 VMThread [stack: 0x00000000201c0000,0x00000000202c0000] [id=8504]
  0x0000000020eb8800 WatcherThread [stack: 0x0000000021f20000,0x0000000022020000] [id=10656]

VM state:at safepoint (normal execution)

VM Mutex/Monitor currently owned by a thread:  ([mutex/lock_event])
[0x0000000002fc18d0] Threads_lock - owner thread: 0x000000001eb45000

Heap:
 PSYoungGen      total 207872K, used 2598K [0x000000076b580000, 0x000000077d000000, 0x00000007c0000000)
  eden space 189952K, 1% used [0x000000076b580000,0x000000076b8098d0,0x0000000776f00000)
  from space 17920K, 0% used [0x000000077be80000,0x000000077be80000,0x000000077d000000)
  to   space 20480K, 0% used [0x000000077a800000,0x000000077a800000,0x000000077bc00000)
 ParOldGen       total 161792K, used 32752K [0x00000006c2000000, 0x00000006cbe00000, 0x000000076b580000)
  object space 161792K, 20% used [0x00000006c2000000,0x00000006c3ffc098,0x00000006cbe00000)
 Metaspace       used 51942K, capacity 54488K, committed 54832K, reserved 1099776K
  class space    used 7143K, capacity 7606K, committed 7728K, reserved 1048576K

Card table byte_map: [0x0000000012580000,0x0000000012d80000] byte_map_base: 0x000000000ef70000

Marking Bits: (ParMarkBitMap*) 0x0000000052942d00
 Begin Bits: [0x0000000013fd0000, 0x0000000017f50000)
 End Bits:   [0x0000000017f50000, 0x000000001bed0000)

Polling page: 0x0000000000b20000

CodeCache: size=245760Kb used=13289Kb max_used=13289Kb free=232470Kb
 bounds [0x00000000031c0000, 0x0000000003ec0000, 0x00000000121c0000]
 total_blobs=6447 nmethods=5887 adapters=469
 compilation: enabled

Compilation events (10 events):
Event: 150.078 Thread 0x0000000020ba6000 nmethod 6000 0x0000000003ebb810 code [0x0000000003ebba20, 0x0000000003ebbfc8]
Event: 150.078 Thread 0x0000000020ba6000 6003       1       javax.management.openmbean.CompositeType::keySet (26 bytes)
Event: 150.078 Thread 0x0000000020b8f800 nmethod 6002 0x0000000003ebc390 code [0x0000000003ebc500, 0x0000000003ebc708]
Event: 150.078 Thread 0x0000000020ba3000 6004       1       javax.management.openmbean.CompositeDataSupport::getCompositeType (5 bytes)
Event: 150.079 Thread 0x0000000020ba3000 nmethod 6004 0x0000000003ebc810 code [0x0000000003ebc960, 0x0000000003ebca70]
Event: 150.079 Thread 0x0000000020ba6000 nmethod 6003 0x0000000003ebcad0 code [0x0000000003ebcc40, 0x0000000003ebcf68]
Event: 150.079 Thread 0x0000000020b92800 6005       1       javax.management.openmbean.SimpleType::isValue (21 bytes)
Event: 150.079 Thread 0x0000000020b8f800 6006  s!   1       java.io.FileDescriptor::closeAll (215 bytes)
Event: 150.080 Thread 0x0000000020ba3000 6007       1       java.io.FileInputStream$1::close (8 bytes)
Event: 150.080 Thread 0x0000000020ba6000 6008       1       java.io.FileInputStream::access$000 (5 bytes)

GC Heap History (10 events):
Event: 4.668 GC heap before
{Heap before GC invocations=9 (full 2):
 PSYoungGen      total 143872K, used 12780K [0x000000076b580000, 0x0000000779580000, 0x00000007c0000000)
  eden space 131072K, 0% used [0x000000076b580000,0x000000076b580000,0x0000000773580000)
  from space 12800K, 99% used [0x0000000773580000,0x00000007741fb1b0,0x0000000774200000)
  to   space 14848K, 0% used [0x0000000778700000,0x0000000778700000,0x0000000779580000)
 ParOldGen       total 106496K, used 11601K [0x00000006c2000000, 0x00000006c8800000, 0x000000076b580000)
  object space 106496K, 10% used [0x00000006c2000000,0x00000006c2b54648,0x00000006c8800000)
 Metaspace       used 34301K, capacity 35438K, committed 35496K, reserved 1079296K
  class space    used 4643K, capacity 4899K, committed 4912K, reserved 1048576K
Event: 4.693 GC heap after
Heap after GC invocations=9 (full 2):
 PSYoungGen      total 143872K, used 0K [0x000000076b580000, 0x0000000779580000, 0x00000007c0000000)
  eden space 131072K, 0% used [0x000000076b580000,0x000000076b580000,0x0000000773580000)
  from space 12800K, 0% used [0x0000000773580000,0x0000000773580000,0x0000000774200000)
  to   space 14848K, 0% used [0x0000000778700000,0x0000000778700000,0x0000000779580000)
 ParOldGen       total 161792K, used 18907K [0x00000006c2000000, 0x00000006cbe00000, 0x000000076b580000)
  object space 161792K, 11% used [0x00000006c2000000,0x00000006c3276d60,0x00000006cbe00000)
 Metaspace       used 34301K, capacity 35438K, committed 35496K, reserved 1079296K
  class space    used 4643K, capacity 4899K, committed 4912K, reserved 1048576K
}
Event: 7.760 GC heap before
{Heap before GC invocations=10 (full 2):
 PSYoungGen      total 143872K, used 131072K [0x000000076b580000, 0x0000000779580000, 0x00000007c0000000)
  eden space 131072K, 100% used [0x000000076b580000,0x0000000773580000,0x0000000773580000)
  from space 12800K, 0% used [0x0000000773580000,0x0000000773580000,0x0000000774200000)
  to   space 14848K, 0% used [0x0000000778700000,0x0000000778700000,0x0000000779580000)
 ParOldGen       total 161792K, used 18907K [0x00000006c2000000, 0x00000006cbe00000, 0x000000076b580000)
  object space 161792K, 11% used [0x00000006c2000000,0x00000006c3276d60,0x00000006cbe00000)
 Metaspace       used 39157K, capacity 40830K, committed 41136K, reserved 1085440K
  class space    used 5347K, capacity 5689K, committed 5808K, reserved 1048576K
Event: 7.765 GC heap after
Heap after GC invocations=10 (full 2):
 PSYoungGen      total 206336K, used 10537K [0x000000076b580000, 0x0000000779180000, 0x00000007c0000000)
  eden space 195584K, 0% used [0x000000076b580000,0x000000076b580000,0x0000000777480000)
  from space 10752K, 98% used [0x0000000778700000,0x000000077914a558,0x0000000779180000)
  to   space 14848K, 0% used [0x0000000777480000,0x0000000777480000,0x0000000778300000)
 ParOldGen       total 161792K, used 18915K [0x00000006c2000000, 0x00000006cbe00000, 0x000000076b580000)
  object space 161792K, 11% used [0x00000006c2000000,0x00000006c3278d60,0x00000006cbe00000)
 Metaspace       used 39157K, capacity 40830K, committed 41136K, reserved 1085440K
  class space    used 5347K, capacity 5689K, committed 5808K, reserved 1048576K
}
Event: 8.488 GC heap before
{Heap before GC invocations=11 (full 2):
 PSYoungGen      total 206336K, used 206121K [0x000000076b580000, 0x0000000779180000, 0x00000007c0000000)
  eden space 195584K, 100% used [0x000000076b580000,0x0000000777480000,0x0000000777480000)
  from space 10752K, 98% used [0x0000000778700000,0x000000077914a558,0x0000000779180000)
  to   space 14848K, 0% used [0x0000000777480000,0x0000000777480000,0x0000000778300000)
 ParOldGen       total 161792K, used 18915K [0x00000006c2000000, 0x00000006cbe00000, 0x000000076b580000)
  object space 161792K, 11% used [0x00000006c2000000,0x00000006c3278d60,0x00000006cbe00000)
 Metaspace       used 45915K, capacity 48116K, committed 48304K, reserved 1091584K
  class space    used 6394K, capacity 6818K, committed 6832K, reserved 1048576K
Event: 8.495 GC heap after
Heap after GC invocations=11 (full 2):
 PSYoungGen      total 210432K, used 14830K [0x000000076b580000, 0x000000077d000000, 0x00000007c0000000)
  eden space 195584K, 0% used [0x000000076b580000,0x000000076b580000,0x0000000777480000)
  from space 14848K, 99% used [0x0000000777480000,0x00000007782fb928,0x0000000778300000)
  to   space 17920K, 0% used [0x000000077be80000,0x000000077be80000,0x000000077d000000)
 ParOldGen       total 161792K, used 22598K [0x00000006c2000000, 0x00000006cbe00000, 0x000000076b580000)
  object space 161792K, 13% used [0x00000006c2000000,0x00000006c3611958,0x00000006cbe00000)
 Metaspace       used 45915K, capacity 48116K, committed 48304K, reserved 1091584K
  class space    used 6394K, capacity 6818K, committed 6832K, reserved 1048576K
}
Event: 149.977 GC heap before
{Heap before GC invocations=12 (full 2):
 PSYoungGen      total 210432K, used 137564K [0x000000076b580000, 0x000000077d000000, 0x00000007c0000000)
  eden space 195584K, 62% used [0x000000076b580000,0x0000000772d5b6e0,0x0000000777480000)
  from space 14848K, 99% used [0x0000000777480000,0x00000007782fb928,0x0000000778300000)
  to   space 17920K, 0% used [0x000000077be80000,0x000000077be80000,0x000000077d000000)
 ParOldGen       total 161792K, used 22598K [0x00000006c2000000, 0x00000006cbe00000, 0x000000076b580000)
  object space 161792K, 13% used [0x00000006c2000000,0x00000006c3611958,0x00000006cbe00000)
 Metaspace       used 51954K, capacity 54460K, committed 54576K, reserved 1099776K
  class space    used 7146K, capacity 7614K, committed 7728K, reserved 1048576K
Event: 149.985 GC heap after
Heap after GC invocations=12 (full 2):
 PSYoungGen      total 207872K, used 17895K [0x000000076b580000, 0x000000077d000000, 0x00000007c0000000)
  eden space 189952K, 0% used [0x000000076b580000,0x000000076b580000,0x0000000776f00000)
  from space 17920K, 99% used [0x000000077be80000,0x000000077cff9e38,0x000000077d000000)
  to   space 20480K, 0% used [0x000000077a800000,0x000000077a800000,0x000000077bc00000)
 ParOldGen       total 161792K, used 24445K [0x00000006c2000000, 0x00000006cbe00000, 0x000000076b580000)
  object space 161792K, 15% used [0x00000006c2000000,0x00000006c37df768,0x00000006cbe00000)
 Metaspace       used 51954K, capacity 54460K, committed 54576K, reserved 1099776K
  class space    used 7146K, capacity 7614K, committed 7728K, reserved 1048576K
}
Event: 149.985 GC heap before
{Heap before GC invocations=13 (full 3):
 PSYoungGen      total 207872K, used 17895K [0x000000076b580000, 0x000000077d000000, 0x00000007c0000000)
  eden space 189952K, 0% used [0x000000076b580000,0x000000076b580000,0x0000000776f00000)
  from space 17920K, 99% used [0x000000077be80000,0x000000077cff9e38,0x000000077d000000)
  to   space 20480K, 0% used [0x000000077a800000,0x000000077a800000,0x000000077bc00000)
 ParOldGen       total 161792K, used 24445K [0x00000006c2000000, 0x00000006cbe00000, 0x000000076b580000)
  object space 161792K, 15% used [0x00000006c2000000,0x00000006c37df768,0x00000006cbe00000)
 Metaspace       used 51954K, capacity 54460K, committed 54576K, reserved 1099776K
  class space    used 7146K, capacity 7614K, committed 7728K, reserved 1048576K
Event: 150.077 GC heap after
Heap after GC invocations=13 (full 3):
 PSYoungGen      total 207872K, used 0K [0x000000076b580000, 0x000000077d000000, 0x00000007c0000000)
  eden space 189952K, 0% used [0x000000076b580000,0x000000076b580000,0x0000000776f00000)
  from space 17920K, 0% used [0x000000077be80000,0x000000077be80000,0x000000077d000000)
  to   space 20480K, 0% used [0x000000077a800000,0x000000077a800000,0x000000077bc00000)
 ParOldGen       total 161792K, used 32752K [0x00000006c2000000, 0x00000006cbe00000, 0x000000076b580000)
  object space 161792K, 20% used [0x00000006c2000000,0x00000006c3ffc098,0x00000006cbe00000)
 Metaspace       used 51934K, capacity 54424K, committed 54576K, reserved 1097728K
  class space    used 7141K, capacity 7606K, committed 7728K, reserved 1048576K
}

Deoptimization events (0 events):
No events

Classes redefined (0 events):
No events

Internal exceptions (10 events):
Event: 103.975 Thread 0x0000000022a9c800 Exception <a 'java/io/FileNotFoundException'> (0x0000000771b1a990) thrown at [C:\re\workspace\8-2-build-windows-amd64-cygwin\jdk8u181\11358\hotspot\src\share\vm\prims\jni.cpp, line 709]
Event: 103.975 Thread 0x0000000022a9c800 Exception <a 'java/io/FileNotFoundException'> (0x0000000771b1af68) thrown at [C:\re\workspace\8-2-build-windows-amd64-cygwin\jdk8u181\11358\hotspot\src\share\vm\prims\jni.cpp, line 709]
Event: 113.988 Thread 0x0000000022a9c800 Exception <a 'java/io/FileNotFoundException'> (0x0000000771b22660) thrown at [C:\re\workspace\8-2-build-windows-amd64-cygwin\jdk8u181\11358\hotspot\src\share\vm\prims\jni.cpp, line 709]
Event: 113.988 Thread 0x0000000022a9c800 Exception <a 'java/io/FileNotFoundException'> (0x0000000771b22c38) thrown at [C:\re\workspace\8-2-build-windows-amd64-cygwin\jdk8u181\11358\hotspot\src\share\vm\prims\jni.cpp, line 709]
Event: 123.996 Thread 0x0000000022a9c800 Exception <a 'java/io/FileNotFoundException'> (0x0000000771b2a330) thrown at [C:\re\workspace\8-2-build-windows-amd64-cygwin\jdk8u181\11358\hotspot\src\share\vm\prims\jni.cpp, line 709]
Event: 123.996 Thread 0x0000000022a9c800 Exception <a 'java/io/FileNotFoundException'> (0x0000000771b2a908) thrown at [C:\re\workspace\8-2-build-windows-amd64-cygwin\jdk8u181\11358\hotspot\src\share\vm\prims\jni.cpp, line 709]
Event: 133.999 Thread 0x0000000022a9c800 Exception <a 'java/io/FileNotFoundException'> (0x0000000771b32000) thrown at [C:\re\workspace\8-2-build-windows-amd64-cygwin\jdk8u181\11358\hotspot\src\share\vm\prims\jni.cpp, line 709]
Event: 133.999 Thread 0x0000000022a9c800 Exception <a 'java/io/FileNotFoundException'> (0x0000000771b325d8) thrown at [C:\re\workspace\8-2-build-windows-amd64-cygwin\jdk8u181\11358\hotspot\src\share\vm\prims\jni.cpp, line 709]
Event: 144.012 Thread 0x0000000022a9c800 Exception <a 'java/io/FileNotFoundException'> (0x0000000771b39cd0) thrown at [C:\re\workspace\8-2-build-windows-amd64-cygwin\jdk8u181\11358\hotspot\src\share\vm\prims\jni.cpp, line 709]
Event: 144.012 Thread 0x0000000022a9c800 Exception <a 'java/io/FileNotFoundException'> (0x0000000771b3a2a8) thrown at [C:\re\workspace\8-2-build-windows-amd64-cygwin\jdk8u181\11358\hotspot\src\share\vm\prims\jni.cpp, line 709]

Events (10 events):
Event: 150.079 Executing VM operation: RevokeBias done
Event: 150.079 Executing VM operation: RevokeBias
Event: 150.080 Executing VM operation: RevokeBias done
Event: 150.080 Executing VM operation: RevokeBias
Event: 150.080 Executing VM operation: RevokeBias done
Event: 150.080 Executing VM operation: RevokeBias
Event: 150.080 Executing VM operation: RevokeBias done
Event: 150.080 Executing VM operation: RevokeBias
Event: 150.080 Executing VM operation: RevokeBias done
Event: 150.080 Executing VM operation: BulkRevokeBias


Dynamic libraries:
0x00007ff6a1ca0000 - 0x00007ff6a1cd7000 	D:\develop\jdk1.8.0_181\bin\java.exe
0x00007ffef4a10000 - 0x00007ffef4c05000 	C:\Windows\SYSTEM32\ntdll.dll
0x00007ffef3720000 - 0x00007ffef37de000 	C:\Windows\System32\KERNEL32.DLL
0x00007ffef2360000 - 0x00007ffef2628000 	C:\Windows\System32\KERNELBASE.dll
0x00007ffef3450000 - 0x00007ffef34fe000 	C:\Windows\System32\ADVAPI32.dll
0x00007ffef4740000 - 0x00007ffef47de000 	C:\Windows\System32\msvcrt.dll
0x00007ffef3140000 - 0x00007ffef31dc000 	C:\Windows\System32\sechost.dll
0x00007ffef4610000 - 0x00007ffef4735000 	C:\Windows\System32\RPCRT4.dll
0x00007ffef2aa0000 - 0x00007ffef2c40000 	C:\Windows\System32\USER32.dll
0x00007ffef26d0000 - 0x00007ffef26f2000 	C:\Windows\System32\win32u.dll
0x00007ffef45e0000 - 0x00007ffef460b000 	C:\Windows\System32\GDI32.dll
0x00007ffef2250000 - 0x00007ffef235b000 	C:\Windows\System32\gdi32full.dll
0x00007ffef2630000 - 0x00007ffef26cd000 	C:\Windows\System32\msvcp_win.dll
0x00007ffef2700000 - 0x00007ffef2800000 	C:\Windows\System32\ucrtbase.dll
0x00007ffedf000000 - 0x00007ffedf29a000 	C:\Windows\WinSxS\amd64_microsoft.windows.common-controls_6595b64144ccf1df_6.0.19041.1110_none_60b5254171f9507e\COMCTL32.dll
0x00007ffef2a70000 - 0x00007ffef2aa0000 	C:\Windows\System32\IMM32.DLL
0x00000000529d0000 - 0x0000000052aa2000 	D:\develop\jdk1.8.0_181\jre\bin\msvcr100.dll
0x0000000052120000 - 0x00000000529c2000 	D:\develop\jdk1.8.0_181\jre\bin\server\jvm.dll
0x00007ffef47e0000 - 0x00007ffef47e8000 	C:\Windows\System32\PSAPI.DLL
0x00007ffeed6a0000 - 0x00007ffeed6a9000 	C:\Windows\SYSTEM32\WSOCK32.dll
0x00007ffee2780000 - 0x00007ffee27a7000 	C:\Windows\SYSTEM32\WINMM.dll
0x00007ffeec770000 - 0x00007ffeec77a000 	C:\Windows\SYSTEM32\VERSION.dll
0x00007ffef3890000 - 0x00007ffef38fb000 	C:\Windows\System32\WS2_32.dll
0x0000000052110000 - 0x000000005211f000 	D:\develop\jdk1.8.0_181\jre\bin\verify.dll
0x00000000520e0000 - 0x0000000052109000 	D:\develop\jdk1.8.0_181\jre\bin\java.dll
0x0000000052b60000 - 0x0000000052b83000 	D:\develop\jdk1.8.0_181\jre\bin\instrument.dll
0x00000000520c0000 - 0x00000000520d6000 	D:\develop\jdk1.8.0_181\jre\bin\zip.dll
0x00007ffef3ab0000 - 0x00007ffef41f4000 	C:\Windows\System32\SHELL32.dll
0x00007ffeeff40000 - 0x00007ffef06d4000 	C:\Windows\SYSTEM32\windows.storage.dll
0x00007ffef4200000 - 0x00007ffef4554000 	C:\Windows\System32\combase.dll
0x00007ffef1b90000 - 0x00007ffef1bbc000 	C:\Windows\SYSTEM32\Wldp.dll
0x00007ffef47f0000 - 0x00007ffef489d000 	C:\Windows\System32\SHCORE.dll
0x00007ffef36c0000 - 0x00007ffef3715000 	C:\Windows\System32\shlwapi.dll
0x00007ffef2070000 - 0x00007ffef208f000 	C:\Windows\SYSTEM32\profapi.dll
0x00007ffeeb960000 - 0x00007ffeeb97a000 	D:\develop\IntelliJ IDEA 2020.1.2\bin\breakgen64.dll
0x0000000052090000 - 0x00000000520aa000 	D:\develop\jdk1.8.0_181\jre\bin\net.dll
0x00007ffef18f0000 - 0x00007ffef195a000 	C:\Windows\system32\mswsock.dll
0x00007ffef15d0000 - 0x00007ffef169a000 	C:\Windows\SYSTEM32\DNSAPI.dll
0x00007ffef1590000 - 0x00007ffef15cb000 	C:\Windows\SYSTEM32\IPHLPAPI.DLL
0x00007ffef2cc0000 - 0x00007ffef2cc8000 	C:\Windows\System32\NSI.dll
0x00007ffeeb2c0000 - 0x00007ffeeb2ca000 	C:\Windows\System32\rasadhlp.dll
0x00007ffee83c0000 - 0x00007ffee843f000 	C:\Windows\System32\fwpuclnt.dll
0x00007ffef2a40000 - 0x00007ffef2a67000 	C:\Windows\System32\bcrypt.dll
0x00000000520b0000 - 0x00000000520bd000 	D:\develop\jdk1.8.0_181\jre\bin\management.dll
0x0000000052070000 - 0x0000000052081000 	D:\develop\jdk1.8.0_181\jre\bin\nio.dll
0x00007ffef1ae0000 - 0x00007ffef1af8000 	C:\Windows\SYSTEM32\CRYPTSP.dll
0x00007ffef1200000 - 0x00007ffef1234000 	C:\Windows\system32\rsaenh.dll
0x00007ffef2030000 - 0x00007ffef205e000 	C:\Windows\SYSTEM32\USERENV.dll
0x00007ffef2960000 - 0x00007ffef29e2000 	C:\Windows\System32\bcryptprimitives.dll
0x00007ffef1b00000 - 0x00007ffef1b0c000 	C:\Windows\SYSTEM32\CRYPTBASE.dll
0x00007ffeec2e0000 - 0x00007ffeec2f7000 	C:\Windows\SYSTEM32\dhcpcsvc6.DLL
0x00007ffeebbf0000 - 0x00007ffeebc0d000 	C:\Windows\SYSTEM32\dhcpcsvc.DLL
0x00007ffed9e00000 - 0x00007ffed9e17000 	C:\Windows\system32\napinsp.dll
0x00007ffed9de0000 - 0x00007ffed9dfb000 	C:\Windows\system32\pnrpnsp.dll
0x00007ffed9dc0000 - 0x00007ffed9dd5000 	C:\Windows\system32\wshbth.dll
0x00007ffeedad0000 - 0x00007ffeedaed000 	C:\Windows\system32\NLAapi.dll
0x00007ffed8c60000 - 0x00007ffed8c72000 	C:\Windows\System32\winrnr.dll
0x0000000052b90000 - 0x0000000052bb4000 	D:\develop\jdk1.8.0_181\jre\bin\sunec.dll

VM Arguments:
jvm_args: -XX:TieredStopAtLevel=1 -Xverify:none -Dspring.output.ansi.enabled=always -Dcom.sun.management.jmxremote -Dspring.jmx.enabled=true -Dspring.liveBeansView.mbeanDomain -Dspring.application.admin.enabled=true -javaagent:D:\develop\IntelliJ IDEA 2020.1.2\lib\idea_rt.jar=14203:D:\develop\IntelliJ IDEA 2020.1.2\bin -Dfile.encoding=UTF-8 
java_command: com.shanjupay.gateway.GatewayBootstrap
java_class_path (initial): D:\develop\jdk1.8.0_181\jre\lib\charsets.jar;D:\develop\jdk1.8.0_181\jre\lib\deploy.jar;D:\develop\jdk1.8.0_181\jre\lib\ext\access-bridge-64.jar;D:\develop\jdk1.8.0_181\jre\lib\ext\cldrdata.jar;D:\develop\jdk1.8.0_181\jre\lib\ext\dnsns.jar;D:\develop\jdk1.8.0_181\jre\lib\ext\jaccess.jar;D:\develop\jdk1.8.0_181\jre\lib\ext\jfxrt.jar;D:\develop\jdk1.8.0_181\jre\lib\ext\localedata.jar;D:\develop\jdk1.8.0_181\jre\lib\ext\nashorn.jar;D:\develop\jdk1.8.0_181\jre\lib\ext\sunec.jar;D:\develop\jdk1.8.0_181\jre\lib\ext\sunjce_provider.jar;D:\develop\jdk1.8.0_181\jre\lib\ext\sunmscapi.jar;D:\develop\jdk1.8.0_181\jre\lib\ext\sunpkcs11.jar;D:\develop\jdk1.8.0_181\jre\lib\ext\zipfs.jar;D:\develop\jdk1.8.0_181\jre\lib\javaws.jar;D:\develop\jdk1.8.0_181\jre\lib\jce.jar;D:\develop\jdk1.8.0_181\jre\lib\jfr.jar;D:\develop\jdk1.8.0_181\jre\lib\jfxswt.jar;D:\develop\jdk1.8.0_181\jre\lib\jsse.jar;D:\develop\jdk1.8.0_181\jre\lib\management-agent.jar;D:\develop\jdk1.8.0_181\jre\lib\plugin.jar;D:\develop\jdk1.8.0_181\jre\lib\resources.jar;D:\develop\jdk1.8.0_181\jre\lib\rt.jar;D:\files\java\shanjupay\shanjupay-gateway\shanjupay-gateway-service\target\classes;D:\files\java\shanjupay\shanjupay-common\target\classes;D:\develop\repository3\org\slf4j\slf4j-api\1.7.25\slf4j-api-1.7.25.jar;D:\develop\repository3\com\alibaba\fastjson\1.2.47\fastjson-1.2.47.jar;D:\develop\repository3\commons-lang\commons-lang\2.6\commons-lang-2.6.jar;D:\develop\repository3\io\springfox\springfox-swagger2\2.9.2\springfox-swagger2-2.9.2.jar;D:\develop\repository3\io\swagger\swagger-annotations\1.5.20\swagger-annotations-1.5.20.jar;D:\develop\repository3\io\swagger\swagger-models\1.5.20\swagger-models-1.5.20.jar;D:\develop\repository3\io\springfox\springfox-spi\2.9.2\springfox-spi-2.9.2.jar;D:\develop\repository3\io\springfox\springfox-core\2.9.2\springfox-core-2.9.2.jar;D:\develop\repository3\io\springfox\springfox-schema\2.9.2\springfox-schema-2.9.2.jar;D:\develop\repository3\io\springfox
Launcher Type: SUN_STANDARD

Environment Variables:
JAVA_HOME=D:\develop\jdk1.8.0_181
PATH=C:\Windows\system32;C:\Windows;C:\Windows\System32\Wbem;C:\Windows\System32\WindowsPowerShell\v1.0\;C:\Windows\System32\OpenSSH\;C:\Program Files (x86)\NVIDIA Corporation\PhysX\Common;C:\Program Files\NVIDIA Corporation\NVIDIA NvDLISR;D:\develop\jdk1.8.0_181\bin;D:\develop\apache-tomcat-9.0.41\lib;D:\develop\apache-maven-3.6.3\bin;C:\Program Files\MariaDB 10.5\bin;C:\ProgramData\chocolatey\bin;D:\develop\anaconda\Scripts;D:\software\Git\cmd;D:\develop\Python\Scripts\;D:\develop\Python\;C:\Users\schwarzenegger\AppData\Local\Microsoft\WindowsApps;C:\Users\schwarzenegger\AppData\Local\atom\bin;D:\develop\IntelliJ IDEA 2020.1.2\bin;;D:\develop\Microsoft VS Code\bin;D:\software\PyCharm Community Edition 2021.1.3\bin;;D:\software\IntelliJ IDEA Community Edition 2021.2.1\bin;
USERNAME=schwarzenegger
OS=Windows_NT
PROCESSOR_IDENTIFIER=Intel64 Family 6 Model 165 Stepping 2, GenuineIntel



---------------  S Y S T E M  ---------------

OS: Windows 10.0 , 64 bit Build 19041 (10.0.19041.1566)

CPU:total 16 (initial active 16) (8 cores per cpu, 2 threads per core) family 6 model 165 stepping 2, cmov, cx8, fxsr, mmx, sse, sse2, sse3, ssse3, sse4.1, sse4.2, popcnt, avx, avx2, aes, clmul, erms, 3dnowpref, lzcnt, ht, tsc, tscinvbit, bmi1, bmi2, adx

Memory: 4k page, physical 16640816k(602536k free), swap 29748012k(608k free)

vm_info: Java HotSpot(TM) 64-Bit Server VM (25.181-b13) for windows-amd64 JRE (1.8.0_181-b13), built on Jul  7 2018 04:01:33 by "java_re" with MS VC++ 10.0 (VS2010)

time: Sun Mar 20 16:07:19 2022
elapsed time: 150 seconds (0d 0h 2m 30s)

