[shanjupay-gateway-service][${env:SERVER_PORT}] 2022-03-22 12:17:45,031 INFO [main][PostProcessorRegistrationDelegate.java:330] - Bean 'org.springframework.cloud.autoconfigure.ConfigurationPropertiesRebinderAutoConfiguration' of type [org.springframework.cloud.autoconfigure.ConfigurationPropertiesRebinderAutoConfiguration$$EnhancerBySpringCGLIB$$27030a9] is not eligible for getting processed by all BeanPostProcessors (for example: not eligible for auto-proxying)
[shanjupay-gateway-service][${env:SERVER_PORT}] 2022-03-22 12:17:45,581 INFO [main][NacosPropertySourceBuilder.java:87] - Loading nacos data, dataId: 'gateway-service.yaml', group: 'SHANJUPAY_GROUP'
[shanjupay-gateway-service][${env:SERVER_PORT}] 2022-03-22 12:17:45,586 INFO [main][PropertySourceBootstrapConfiguration.java:98] - Located property source: CompositePropertySource {name='NACOS', propertySources=[NacosPropertySource@428996455 {name='gateway-service.yaml', properties={zuul.ignoredServices=*, feign.compression.request.min-request-size=2048, zuul.sensitiveHeaders=*, feign.compression.response.enabled=true, feign.compression.request.mime-types[1]=application/xml, zuul.routes.uaa-service.stripPrefix=false, zuul.routes.operation-application.stripPrefix=false, zuul.retryable=true, ribbon.ReadTimeout=20000, zuul.routes.operation-application.path=/operation/**, zuul.routes.merchant-application.stripPrefix=false, ribbon.MaxAutoRetriesNextServer=1, hystrix.command.default.execution.isolation.thread.timeoutInMilliseconds=93000, ribbon.MaxAutoRetries=1, zuul.routes.uaa-service.path=/uaa/**, feign.compression.request.enabled=true, ribbon.ConnectTimeout=3000, zuul.routes.merchant-application.path=/merchant/**, zuul.add-host-header=true, hystrix.command.default.execution.timeout.enabled=true, ribbon.OkToRetryOnAllOperations=false, feign.hystrix.enabled=true, feign.compression.request.mime-types[2]=application/json, ribbon.nacos.enabled=true, feign.compression.request.mime-types[0]=text/xml}}]}
[shanjupay-gateway-service][${env:SERVER_PORT}] 2022-03-22 12:17:45,603 INFO [main][SpringApplication.java:675] - No active profile set, falling back to default profiles: default
[shanjupay-gateway-service][${env:SERVER_PORT}] 2022-03-22 12:17:45,932 WARN [main][EndpointId.java:135] - Endpoint ID 'nacos-config' contains invalid characters, please migrate to a valid format.
[shanjupay-gateway-service][${env:SERVER_PORT}] 2022-03-22 12:17:45,933 WARN [main][EndpointId.java:135] - Endpoint ID 'nacos-discovery' contains invalid characters, please migrate to a valid format.
[shanjupay-gateway-service][${env:SERVER_PORT}] 2022-03-22 12:17:46,042 WARN [main][EndpointId.java:135] - Endpoint ID 'service-registry' contains invalid characters, please migrate to a valid format.
[shanjupay-gateway-service][${env:SERVER_PORT}] 2022-03-22 12:17:46,051 WARN [main][EndpointId.java:135] - Endpoint ID 'hystrix.stream' contains invalid characters, please migrate to a valid format.
[shanjupay-gateway-service][${env:SERVER_PORT}] 2022-03-22 12:17:46,173 INFO [main][GenericScope.java:294] - BeanFactory id=1019ac19-bd89-3a92-9d52-e960a33f1082
[shanjupay-gateway-service][${env:SERVER_PORT}] 2022-03-22 12:17:46,284 INFO [main][PostProcessorRegistrationDelegate.java:330] - Bean 'org.springframework.cloud.autoconfigure.ConfigurationPropertiesRebinderAutoConfiguration' of type [org.springframework.cloud.autoconfigure.ConfigurationPropertiesRebinderAutoConfiguration$$EnhancerBySpringCGLIB$$27030a9] is not eligible for getting processed by all BeanPostProcessors (for example: not eligible for auto-proxying)
[shanjupay-gateway-service][${env:SERVER_PORT}] 2022-03-22 12:17:46,487 INFO [main][TomcatWebServer.java:90] - Tomcat initialized with port(s): 56010 (http)
[shanjupay-gateway-service][${env:SERVER_PORT}] 2022-03-22 12:17:46,495 INFO [main][DirectJDKLog.java:173] - Initializing ProtocolHandler ["http-nio-56010"]
[shanjupay-gateway-service][${env:SERVER_PORT}] 2022-03-22 12:17:46,500 INFO [main][DirectJDKLog.java:173] - Starting service [Tomcat]
[shanjupay-gateway-service][${env:SERVER_PORT}] 2022-03-22 12:17:46,500 INFO [main][DirectJDKLog.java:173] - Starting Servlet engine: [Apache Tomcat/9.0.16]
[shanjupay-gateway-service][${env:SERVER_PORT}] 2022-03-22 12:17:46,504 INFO [main][DirectJDKLog.java:173] - The APR based Apache Tomcat Native library which allows optimal performance in production environments was not found on the java.library.path: [D:\develop\jdk1.8.0_181\bin;C:\Windows\Sun\Java\bin;C:\Windows\system32;C:\Windows;C:\Windows\system32;C:\Windows;C:\Windows\System32\Wbem;C:\Windows\System32\WindowsPowerShell\v1.0\;C:\Windows\System32\OpenSSH\;C:\Program Files (x86)\NVIDIA Corporation\PhysX\Common;C:\Program Files\NVIDIA Corporation\NVIDIA NvDLISR;D:\develop\jdk1.8.0_181\bin;D:\develop\apache-tomcat-9.0.41\lib;D:\develop\apache-maven-3.6.3\bin;C:\Program Files\MariaDB 10.5\bin;C:\ProgramData\chocolatey\bin;D:\develop\anaconda\Scripts;D:\software\Git\cmd;D:\develop\nodejs\;D:\develop\yarn\bin\;D:\files\java\shanjupay-web\project-juhezhifu-admin-vue\node_modules\.bin;D:\develop\Python\Scripts\;D:\develop\Python\;C:\Users\schwarzenegger\AppData\Local\Microsoft\WindowsApps;C:\Users\schwarzenegger\AppData\Local\atom\bin;D:\develop\IntelliJ IDEA 2020.1.2\bin;;D:\develop\Microsoft VS Code\bin;D:\software\PyCharm Community Edition 2021.1.3\bin;;D:\software\IntelliJ IDEA Community Edition 2021.2.1\bin;;C:\Users\schwarzenegger\AppData\Roaming\npm;C:\Users\schwarzenegger\AppData\Local\Yarn\bin;.]
[shanjupay-gateway-service][${env:SERVER_PORT}] 2022-03-22 12:17:46,588 INFO [main][DirectJDKLog.java:173] - Initializing Spring embedded WebApplicationContext
[shanjupay-gateway-service][${env:SERVER_PORT}] 2022-03-22 12:17:46,588 INFO [main][ServletWebServerApplicationContext.java:296] - Root WebApplicationContext: initialization completed in 977 ms
[shanjupay-gateway-service][${env:SERVER_PORT}] 2022-03-22 12:17:46,647 WARN [main][URLConfigurationSource.java:121] - No URLs will be polled as dynamic configuration sources.
[shanjupay-gateway-service][${env:SERVER_PORT}] 2022-03-22 12:17:46,648 INFO [main][URLConfigurationSource.java:122] - To enable URLs as dynamic configuration sources, define System property archaius.configurationSource.additionalUrls or make config.properties available on classpath.
[shanjupay-gateway-service][${env:SERVER_PORT}] 2022-03-22 12:17:46,650 DEBUG [main][HystrixPlugins.java:386] - Created HystrixDynamicProperties. Using class : com.netflix.hystrix.strategy.properties.archaius.HystrixDynamicPropertiesArchaius
[shanjupay-gateway-service][${env:SERVER_PORT}] 2022-03-22 12:17:46,654 INFO [main][DynamicPropertyFactory.java:281] - DynamicPropertyFactory is initialized with configuration sources: com.netflix.config.ConcurrentCompositeConfiguration@75b38c36
[shanjupay-gateway-service][${env:SERVER_PORT}] 2022-03-22 12:17:47,491 WARN [main][URLConfigurationSource.java:121] - No URLs will be polled as dynamic configuration sources.
[shanjupay-gateway-service][${env:SERVER_PORT}] 2022-03-22 12:17:47,491 INFO [main][URLConfigurationSource.java:122] - To enable URLs as dynamic configuration sources, define System property archaius.configurationSource.additionalUrls or make config.properties available on classpath.
[shanjupay-gateway-service][${env:SERVER_PORT}] 2022-03-22 12:17:47,503 DEBUG [main][TraversableResolvers.java:60] - Cannot find javax.persistence.Persistence on classpath. Assuming non JPA 2 environment. All properties will per default be traversable.
[shanjupay-gateway-service][${env:SERVER_PORT}] 2022-03-22 12:17:47,503 DEBUG [main][ResourceBundleMessageInterpolator.java:89] - Loaded expression factory via original TCCL
[shanjupay-gateway-service][${env:SERVER_PORT}] 2022-03-22 12:17:47,505 DEBUG [main][TraversableResolvers.java:60] - Cannot find javax.persistence.Persistence on classpath. Assuming non JPA 2 environment. All properties will per default be traversable.
[shanjupay-gateway-service][${env:SERVER_PORT}] 2022-03-22 12:17:47,505 DEBUG [main][ConfigurationImpl.java:148] - Setting custom MessageInterpolator of type org.springframework.validation.beanvalidation.LocaleContextMessageInterpolator
[shanjupay-gateway-service][${env:SERVER_PORT}] 2022-03-22 12:17:47,505 DEBUG [main][ConfigurationImpl.java:180] - Setting custom ConstraintValidatorFactory of type org.springframework.validation.beanvalidation.SpringConstraintValidatorFactory
[shanjupay-gateway-service][${env:SERVER_PORT}] 2022-03-22 12:17:47,506 DEBUG [main][ConfigurationImpl.java:194] - Setting custom ParameterNameProvider of type org.springframework.validation.beanvalidation.LocalValidatorFactoryBean$1
[shanjupay-gateway-service][${env:SERVER_PORT}] 2022-03-22 12:17:47,506 DEBUG [main][ValidationXmlParser.java:120] - Trying to load META-INF/validation.xml for XML based Validator configuration.
[shanjupay-gateway-service][${env:SERVER_PORT}] 2022-03-22 12:17:47,506 DEBUG [main][ResourceLoaderHelper.java:53] - Trying to load META-INF/validation.xml via user class loader
[shanjupay-gateway-service][${env:SERVER_PORT}] 2022-03-22 12:17:47,507 DEBUG [main][ResourceLoaderHelper.java:60] - Trying to load META-INF/validation.xml via TCCL
[shanjupay-gateway-service][${env:SERVER_PORT}] 2022-03-22 12:17:47,507 DEBUG [main][ResourceLoaderHelper.java:66] - Trying to load META-INF/validation.xml via Hibernate Validator's class loader
[shanjupay-gateway-service][${env:SERVER_PORT}] 2022-03-22 12:17:47,507 DEBUG [main][ValidationXmlParser.java:127] - No META-INF/validation.xml found. Using annotation based configuration only.
[shanjupay-gateway-service][${env:SERVER_PORT}] 2022-03-22 12:17:47,509 DEBUG [main][ValidatorFactoryImpl.java:578] - HV000234: Using org.springframework.validation.beanvalidation.LocaleContextMessageInterpolator as ValidatorFactory-scoped message interpolator.
[shanjupay-gateway-service][${env:SERVER_PORT}] 2022-03-22 12:17:47,510 DEBUG [main][ValidatorFactoryImpl.java:579] - HV000234: Using org.hibernate.validator.internal.engine.resolver.TraverseAllTraversableResolver as ValidatorFactory-scoped traversable resolver.
[shanjupay-gateway-service][${env:SERVER_PORT}] 2022-03-22 12:17:47,510 DEBUG [main][ValidatorFactoryImpl.java:580] - HV000234: Using org.hibernate.validator.internal.util.ExecutableParameterNameProvider as ValidatorFactory-scoped parameter name provider.
[shanjupay-gateway-service][${env:SERVER_PORT}] 2022-03-22 12:17:47,510 DEBUG [main][ValidatorFactoryImpl.java:581] - HV000234: Using org.hibernate.validator.internal.engine.DefaultClockProvider as ValidatorFactory-scoped clock provider.
[shanjupay-gateway-service][${env:SERVER_PORT}] 2022-03-22 12:17:47,510 DEBUG [main][ValidatorFactoryImpl.java:582] - HV000234: Using org.hibernate.validator.internal.engine.scripting.DefaultScriptEvaluatorFactory as ValidatorFactory-scoped script evaluator factory.
[shanjupay-gateway-service][${env:SERVER_PORT}] 2022-03-22 12:17:47,599 INFO [main][ExecutorConfigurationSupport.java:171] - Initializing ExecutorService 'applicationTaskExecutor'
[shanjupay-gateway-service][${env:SERVER_PORT}] 2022-03-22 12:17:47,663 INFO [main][ExecutorConfigurationSupport.java:171] - Initializing ExecutorService
[shanjupay-gateway-service][${env:SERVER_PORT}] 2022-03-22 12:17:47,812 INFO [main][UserDetailsServiceAutoConfiguration.java:86] - 

Using generated security password: b5114417-d37d-4223-919c-4461a282f738

[shanjupay-gateway-service][${env:SERVER_PORT}] 2022-03-22 12:17:47,872 INFO [main][DefaultSecurityFilterChain.java:43] - Creating filter chain: any request, [org.springframework.security.web.context.request.async.WebAsyncManagerIntegrationFilter@21f9c6ea, org.springframework.security.web.context.SecurityContextPersistenceFilter@70fede7d, org.springframework.security.web.header.HeaderWriterFilter@5c59a0f7, org.springframework.security.web.csrf.CsrfFilter@42d9e8d2, org.springframework.security.web.authentication.logout.LogoutFilter@73e4bb60, org.springframework.security.web.authentication.UsernamePasswordAuthenticationFilter@3e9beef2, org.springframework.security.web.authentication.ui.DefaultLoginPageGeneratingFilter@437281c5, org.springframework.security.web.authentication.ui.DefaultLogoutPageGeneratingFilter@418f0534, org.springframework.security.web.authentication.www.BasicAuthenticationFilter@74123110, org.springframework.security.web.savedrequest.RequestCacheAwareFilter@26c7b1c6, org.springframework.security.web.servletapi.SecurityContextHolderAwareRequestFilter@d36c1c3, org.springframework.security.web.authentication.AnonymousAuthenticationFilter@3dfd7eaa, org.springframework.security.web.session.SessionManagementFilter@625487a6, org.springframework.security.web.access.ExceptionTranslationFilter@787d1f9c, org.springframework.security.web.access.intercept.FilterSecurityInterceptor@569348e1]
[shanjupay-gateway-service][${env:SERVER_PORT}] 2022-03-22 12:17:47,921 INFO [main][EndpointLinksResolver.java:59] - Exposing 2 endpoint(s) beneath base path '/actuator'
[shanjupay-gateway-service][${env:SERVER_PORT}] 2022-03-22 12:17:48,322 INFO [main][ZuulFilterInitializer.java:65] - Starting filter initializer
[shanjupay-gateway-service][${env:SERVER_PORT}] 2022-03-22 12:17:48,436 INFO [main][DirectJDKLog.java:173] - Starting ProtocolHandler ["http-nio-56010"]
[shanjupay-gateway-service][${env:SERVER_PORT}] 2022-03-22 12:17:48,453 INFO [main][TomcatWebServer.java:204] - Tomcat started on port(s): 56010 (http) with context path ''
[shanjupay-gateway-service][${env:SERVER_PORT}] 2022-03-22 12:17:48,462 INFO [main][NacosServiceRegistry.java:62] - nacos registry, gateway-service 192.168.50.1:56010 register finished
[shanjupay-gateway-service][${env:SERVER_PORT}] 2022-03-22 12:17:48,465 INFO [main][StartupInfoLogger.java:59] - Started GatewayBootstrap in 4.414 seconds (JVM running for 5.66)
[shanjupay-gateway-service][${env:SERVER_PORT}] 2022-03-22 12:17:49,990 INFO [RMI TCP Connection(3)-192.168.100.1][DirectJDKLog.java:173] - Initializing Spring DispatcherServlet 'dispatcherServlet'
[shanjupay-gateway-service][${env:SERVER_PORT}] 2022-03-22 12:17:49,990 INFO [RMI TCP Connection(3)-192.168.100.1][FrameworkServlet.java:524] - Initializing Servlet 'dispatcherServlet'
[shanjupay-gateway-service][${env:SERVER_PORT}] 2022-03-22 12:17:49,997 INFO [RMI TCP Connection(3)-192.168.100.1][FrameworkServlet.java:546] - Completed initialization in 7 ms
